/*C1*/SET SCHEMA SYSTEM_LOBS
INSERT INTO BLOCKS VALUES(0,2147483647,0)
COMMIT
/*C2*/SET SCHEMA PUBLIC
CREATE FUNCTION SLN(par0 DOUBLE,par1 DOUBLE,par2 DOUBLE) RETURNS DOUBLE  LANGUAGE JAVA DETERMINISTIC NO SQL  EXTERNAL NAME 'CLASSPATH:net.ucanaccess.converters.Functions.sln'
CREATE FUNCTION STRING(par0 INTEGER,par1 LONGVARCHAR) RETURNS LONGVARCHAR  LANGUAGE JAVA DETERMINISTIC NO SQL  EXTERNAL NAME 'CLASSPATH:net.ucanaccess.converters.Functions.string'
CREATE FUNCTION PPMT(par0 DOUBLE,par1 INTEGER,par2 INTEGER,par3 DOUBLE,par4 DOUBLE,par5 DOUBLE) RETURNS DOUBLE  LANGUAGE JAVA DETERMINISTIC NO SQL  EXTERNAL NAME 'CLASSPATH:net.ucanaccess.converters.Functions.ppmt'
CREATE FUNCTION formulaToNumeric(par0 TIMESTAMP,par1 LONGVARCHAR) RETURNS DOUBLE  LANGUAGE JAVA DETERMINISTIC NO SQL  EXTERNAL NAME 'CLASSPATH:net.ucanaccess.converters.Functions.formulaToNumeric'
CREATE FUNCTION DATEPARTWA(par0 LONGVARCHAR,par1 LONGVARCHAR,par2 INTEGER,par3 INTEGER) RETURNS INTEGER  LANGUAGE JAVA DETERMINISTIC NO SQL  EXTERNAL NAME 'CLASSPATH:net.ucanaccess.converters.Functions.datePart'
CREATE FUNCTION EQUALS(par0 OBJECT,par1 OBJECT) RETURNS BOOLEAN  LANGUAGE JAVA DETERMINISTIC NO SQL  EXTERNAL NAME 'CLASSPATH:net.ucanaccess.converters.Functions.equals'
CREATE FUNCTION ROUNDWA(par0 DOUBLE,par1 DOUBLE) RETURNS DOUBLE  LANGUAGE JAVA DETERMINISTIC NO SQL  EXTERNAL NAME 'CLASSPATH:net.ucanaccess.converters.Functions.round'
CREATE FUNCTION NZ(par0 INTEGER) RETURNS INTEGER  LANGUAGE JAVA DETERMINISTIC NO SQL  EXTERNAL NAME 'CLASSPATH:net.ucanaccess.converters.Functions.nz'
CREATE FUNCTION formulaToText(par0 BOOLEAN,par1 LONGVARCHAR) RETURNS LONGVARCHAR  LANGUAGE JAVA DETERMINISTIC NO SQL  EXTERNAL NAME 'CLASSPATH:net.ucanaccess.converters.Functions.formulaToText'
CREATE FUNCTION FORMAT(par0 TIMESTAMP,par1 VARCHAR(255)) RETURNS VARCHAR(255)  LANGUAGE JAVA DETERMINISTIC NO SQL  EXTERNAL NAME 'CLASSPATH:net.ucanaccess.converters.Functions.format'
CREATE FUNCTION STRREVERSE(par0 LONGVARCHAR) RETURNS LONGVARCHAR  LANGUAGE JAVA DETERMINISTIC NO SQL  EXTERNAL NAME 'CLASSPATH:net.ucanaccess.converters.Functions.strReverse'
CREATE FUNCTION FIXWA(par0 DOUBLE) RETURNS DOUBLE  LANGUAGE JAVA DETERMINISTIC NO SQL  EXTERNAL NAME 'CLASSPATH:net.ucanaccess.converters.Functions.fix'
CREATE FUNCTION formulaToNumeric(par0 DOUBLE,par1 LONGVARCHAR) RETURNS DOUBLE  LANGUAGE JAVA DETERMINISTIC NO SQL  EXTERNAL NAME 'CLASSPATH:net.ucanaccess.converters.Functions.formulaToNumeric'
CREATE FUNCTION ISNUMERIC(par0 LONGVARCHAR) RETURNS BOOLEAN  LANGUAGE JAVA DETERMINISTIC NO SQL  EXTERNAL NAME 'CLASSPATH:net.ucanaccess.converters.Functions.isNumeric'
CREATE FUNCTION CLNG(par0 INTEGER) RETURNS INTEGER  LANGUAGE JAVA DETERMINISTIC NO SQL  EXTERNAL NAME 'CLASSPATH:net.ucanaccess.converters.Functions.clng'
CREATE FUNCTION FORMAT(par0 DOUBLE,par1 VARCHAR(255)) RETURNS VARCHAR(255)  LANGUAGE JAVA DETERMINISTIC NO SQL  EXTERNAL NAME 'CLASSPATH:net.ucanaccess.converters.Functions.format'
CREATE FUNCTION MID(par0 LONGVARCHAR,par1 INTEGER,par2 INTEGER) RETURNS LONGVARCHAR  LANGUAGE JAVA DETERMINISTIC NO SQL  EXTERNAL NAME 'CLASSPATH:net.ucanaccess.converters.Functions.mid'
CREATE FUNCTION CLONG(par0 INTEGER) RETURNS INTEGER  LANGUAGE JAVA DETERMINISTIC NO SQL  EXTERNAL NAME 'CLASSPATH:net.ucanaccess.converters.Functions.clong'
CREATE FUNCTION CCUR(par0 DECIMAL(8,4)) RETURNS DECIMAL(8,4)  LANGUAGE JAVA DETERMINISTIC NO SQL  EXTERNAL NAME 'CLASSPATH:net.ucanaccess.converters.Functions.ccur'
CREATE FUNCTION CLONG(par0 DOUBLE) RETURNS INTEGER  LANGUAGE JAVA DETERMINISTIC NO SQL  EXTERNAL NAME 'CLASSPATH:net.ucanaccess.converters.Functions.clong'
CREATE FUNCTION formulaToText(par0 TIMESTAMP,par1 LONGVARCHAR) RETURNS LONGVARCHAR  LANGUAGE JAVA DETERMINISTIC NO SQL  EXTERNAL NAME 'CLASSPATH:net.ucanaccess.converters.Functions.formulaToText'
CREATE FUNCTION CINT(par0 DOUBLE) RETURNS SMALLINT  LANGUAGE JAVA DETERMINISTIC NO SQL  EXTERNAL NAME 'CLASSPATH:net.ucanaccess.converters.Functions.cint'
CREATE FUNCTION CDBL(par0 DOUBLE) RETURNS DOUBLE  LANGUAGE JAVA DETERMINISTIC NO SQL  EXTERNAL NAME 'CLASSPATH:net.ucanaccess.converters.Functions.cdbl'
CREATE FUNCTION FV(par0 DOUBLE,par1 INTEGER,par2 DOUBLE,par3 DOUBLE) RETURNS DOUBLE  LANGUAGE JAVA DETERMINISTIC NO SQL  EXTERNAL NAME 'CLASSPATH:net.ucanaccess.converters.Functions.fv'
CREATE FUNCTION NPER(par0 DOUBLE,par1 DOUBLE,par2 DOUBLE,par3 DOUBLE,par4 DOUBLE) RETURNS DOUBLE  LANGUAGE JAVA DETERMINISTIC NO SQL  EXTERNAL NAME 'CLASSPATH:net.ucanaccess.converters.Functions.nper'
CREATE FUNCTION IPMT(par0 DOUBLE,par1 DOUBLE,par2 DOUBLE,par3 DOUBLE) RETURNS DOUBLE  LANGUAGE JAVA DETERMINISTIC NO SQL  EXTERNAL NAME 'CLASSPATH:net.ucanaccess.converters.Functions.ipmt'
CREATE FUNCTION formulaToText(par0 LONGVARCHAR,par1 LONGVARCHAR) RETURNS LONGVARCHAR  LANGUAGE JAVA DETERMINISTIC NO SQL  EXTERNAL NAME 'CLASSPATH:net.ucanaccess.converters.Functions.formulaToText'
CREATE FUNCTION PMT(par0 DOUBLE,par1 DOUBLE,par2 DOUBLE,par3 DOUBLE,par4 DOUBLE) RETURNS DOUBLE  LANGUAGE JAVA DETERMINISTIC NO SQL  EXTERNAL NAME 'CLASSPATH:net.ucanaccess.converters.Functions.pmt'
CREATE FUNCTION STRCOMP(par0 LONGVARCHAR,par1 LONGVARCHAR) RETURNS INTEGER  LANGUAGE JAVA DETERMINISTIC NO SQL  EXTERNAL NAME 'CLASSPATH:net.ucanaccess.converters.Functions.strComp'
CREATE FUNCTION formulaToBoolean(par0 BOOLEAN,par1 LONGVARCHAR) RETURNS BOOLEAN  LANGUAGE JAVA DETERMINISTIC NO SQL  EXTERNAL NAME 'CLASSPATH:net.ucanaccess.converters.Functions.formulaToBoolean'
CREATE FUNCTION WEEKDAY(par0 TIMESTAMP) RETURNS INTEGER  LANGUAGE JAVA DETERMINISTIC NO SQL  EXTERNAL NAME 'CLASSPATH:net.ucanaccess.converters.Functions.weekDay'
CREATE FUNCTION NZ(par0 DOUBLE,par1 DOUBLE) RETURNS DOUBLE  LANGUAGE JAVA DETERMINISTIC NO SQL  EXTERNAL NAME 'CLASSPATH:net.ucanaccess.converters.Functions.nz'
CREATE FUNCTION INSTRWA(par0 LONGVARCHAR,par1 LONGVARCHAR) RETURNS INTEGER  LANGUAGE JAVA DETERMINISTIC NO SQL  EXTERNAL NAME 'CLASSPATH:net.ucanaccess.converters.Functions.instr'
CREATE FUNCTION CSTR(par0 TIMESTAMP) RETURNS LONGVARCHAR  LANGUAGE JAVA DETERMINISTIC NO SQL  EXTERNAL NAME 'CLASSPATH:net.ucanaccess.converters.Functions.cstr'
CREATE FUNCTION SYD(par0 DOUBLE,par1 DOUBLE,par2 DOUBLE,par3 DOUBLE) RETURNS DOUBLE  LANGUAGE JAVA DETERMINISTIC NO SQL  EXTERNAL NAME 'CLASSPATH:net.ucanaccess.converters.Functions.syd'
CREATE FUNCTION formulaToDate(par0 BOOLEAN,par1 LONGVARCHAR) RETURNS TIMESTAMP  LANGUAGE JAVA DETERMINISTIC NO SQL  EXTERNAL NAME 'CLASSPATH:net.ucanaccess.converters.Functions.formulaToDate'
CREATE FUNCTION RATE(par0 DOUBLE,par1 DOUBLE,par2 DOUBLE) RETURNS DOUBLE  LANGUAGE JAVA DETERMINISTIC NO SQL  EXTERNAL NAME 'CLASSPATH:net.ucanaccess.converters.Functions.rate'
CREATE FUNCTION MONTHNAMEWA(par0 INTEGER) RETURNS VARCHAR(255)  LANGUAGE JAVA DETERMINISTIC NO SQL  EXTERNAL NAME 'CLASSPATH:net.ucanaccess.converters.Functions.monthName'
CREATE FUNCTION formulaToDate(par0 DOUBLE,par1 LONGVARCHAR) RETURNS TIMESTAMP  LANGUAGE JAVA DETERMINISTIC NO SQL  EXTERNAL NAME 'CLASSPATH:net.ucanaccess.converters.Functions.formulaToDate'
CREATE FUNCTION CLNG(par0 LONGVARCHAR) RETURNS INTEGER  LANGUAGE JAVA DETERMINISTIC NO SQL  EXTERNAL NAME 'CLASSPATH:net.ucanaccess.converters.Functions.clng'
CREATE FUNCTION formulaToText(par0 DOUBLE,par1 LONGVARCHAR) RETURNS LONGVARCHAR  LANGUAGE JAVA DETERMINISTIC NO SQL  EXTERNAL NAME 'CLASSPATH:net.ucanaccess.converters.Functions.formulaToText'
CREATE FUNCTION INSTRWA(par0 LONGVARCHAR,par1 LONGVARCHAR,par2 INTEGER) RETURNS INTEGER  LANGUAGE JAVA DETERMINISTIC NO SQL  EXTERNAL NAME 'CLASSPATH:net.ucanaccess.converters.Functions.instr'
CREATE FUNCTION DATEADDWA(par0 LONGVARCHAR,par1 INTEGER,par2 TIMESTAMP) RETURNS TIMESTAMP  LANGUAGE JAVA DETERMINISTIC NO SQL  EXTERNAL NAME 'CLASSPATH:net.ucanaccess.converters.Functions.dateAdd'
CREATE FUNCTION IIF(par0 BOOLEAN,par1 BOOLEAN,par2 BOOLEAN) RETURNS BOOLEAN  LANGUAGE JAVA DETERMINISTIC NO SQL  EXTERNAL NAME 'CLASSPATH:net.ucanaccess.converters.Functions.iif'
CREATE FUNCTION WEEKDAYNAME(par0 INTEGER,par1 BOOLEAN) RETURNS VARCHAR(255)  LANGUAGE JAVA DETERMINISTIC NO SQL  EXTERNAL NAME 'CLASSPATH:net.ucanaccess.converters.Functions.weekDayName'
CREATE FUNCTION RATE(par0 DOUBLE,par1 DOUBLE,par2 DOUBLE,par3 DOUBLE,par4 DOUBLE) RETURNS DOUBLE  LANGUAGE JAVA DETERMINISTIC NO SQL  EXTERNAL NAME 'CLASSPATH:net.ucanaccess.converters.Functions.rate'
CREATE FUNCTION IPMT(par0 DOUBLE,par1 DOUBLE,par2 DOUBLE,par3 DOUBLE,par4 DOUBLE) RETURNS DOUBLE  LANGUAGE JAVA DETERMINISTIC NO SQL  EXTERNAL NAME 'CLASSPATH:net.ucanaccess.converters.Functions.ipmt'
CREATE FUNCTION LEFTWA(par0 LONGVARCHAR,par1 INTEGER) RETURNS LONGVARCHAR  LANGUAGE JAVA DETERMINISTIC NO SQL  EXTERNAL NAME 'CLASSPATH:net.ucanaccess.converters.Functions.left'
CREATE FUNCTION PARTITION(par0 DOUBLE,par1 DOUBLE,par2 DOUBLE,par3 DOUBLE) RETURNS LONGVARCHAR  LANGUAGE JAVA DETERMINISTIC NO SQL  EXTERNAL NAME 'CLASSPATH:net.ucanaccess.converters.Functions.partition'
CREATE FUNCTION ISDATE(par0 TIMESTAMP) RETURNS BOOLEAN  LANGUAGE JAVA DETERMINISTIC NO SQL  EXTERNAL NAME 'CLASSPATH:net.ucanaccess.converters.Functions.isDate'
CREATE FUNCTION STRCONV(par0 LONGVARCHAR,par1 INTEGER) RETURNS LONGVARCHAR  LANGUAGE JAVA DETERMINISTIC NO SQL  EXTERNAL NAME 'CLASSPATH:net.ucanaccess.converters.Functions.strConv'
CREATE FUNCTION formulaToDate(par0 LONGVARCHAR,par1 LONGVARCHAR) RETURNS TIMESTAMP  LANGUAGE JAVA DETERMINISTIC NO SQL  EXTERNAL NAME 'CLASSPATH:net.ucanaccess.converters.Functions.formulaToDate'
CREATE FUNCTION PMT(par0 DOUBLE,par1 DOUBLE,par2 DOUBLE) RETURNS DOUBLE  LANGUAGE JAVA DETERMINISTIC NO SQL  EXTERNAL NAME 'CLASSPATH:net.ucanaccess.converters.Functions.pmt'
CREATE FUNCTION CINT(par0 BOOLEAN) RETURNS SMALLINT  LANGUAGE JAVA DETERMINISTIC NO SQL  EXTERNAL NAME 'CLASSPATH:net.ucanaccess.converters.Functions.cint'
CREATE FUNCTION RIGHTWA(par0 LONGVARCHAR,par1 INTEGER) RETURNS LONGVARCHAR  LANGUAGE JAVA DETERMINISTIC NO SQL  EXTERNAL NAME 'CLASSPATH:net.ucanaccess.converters.Functions.right'
CREATE FUNCTION SPACE(par0 INTEGER) RETURNS LONGVARCHAR  LANGUAGE JAVA DETERMINISTIC NO SQL  EXTERNAL NAME 'CLASSPATH:net.ucanaccess.converters.Functions.space'
CREATE FUNCTION DATE() RETURNS TIMESTAMP  LANGUAGE JAVA DETERMINISTIC NO SQL  EXTERNAL NAME 'CLASSPATH:net.ucanaccess.converters.Functions.date'
CREATE FUNCTION IIF(par0 BOOLEAN,par1 TIMESTAMP,par2 TIMESTAMP) RETURNS TIMESTAMP  LANGUAGE JAVA DETERMINISTIC NO SQL  EXTERNAL NAME 'CLASSPATH:net.ucanaccess.converters.Functions.iif'
CREATE FUNCTION DATEDIFFWA(par0 LONGVARCHAR,par1 LONGVARCHAR,par2 TIMESTAMP) RETURNS INTEGER  LANGUAGE JAVA DETERMINISTIC NO SQL  EXTERNAL NAME 'CLASSPATH:net.ucanaccess.converters.Functions.dateDiff'
CREATE FUNCTION LEN(par0 LONGVARCHAR) RETURNS INTEGER  LANGUAGE JAVA DETERMINISTIC NO SQL  EXTERNAL NAME 'CLASSPATH:net.ucanaccess.converters.Functions.len'
CREATE FUNCTION PPMT(par0 DOUBLE,par1 INTEGER,par2 INTEGER,par3 DOUBLE) RETURNS DOUBLE  LANGUAGE JAVA DETERMINISTIC NO SQL  EXTERNAL NAME 'CLASSPATH:net.ucanaccess.converters.Functions.ppmt'
CREATE FUNCTION formulaToNumeric(par0 BOOLEAN,par1 LONGVARCHAR) RETURNS DOUBLE  LANGUAGE JAVA DETERMINISTIC NO SQL  EXTERNAL NAME 'CLASSPATH:net.ucanaccess.converters.Functions.formulaToNumeric'
CREATE FUNCTION NZ(par0 DECIMAL) RETURNS DECIMAL  LANGUAGE JAVA DETERMINISTIC NO SQL  EXTERNAL NAME 'CLASSPATH:net.ucanaccess.converters.Functions.nz'
CREATE FUNCTION orderJet(par0 LONGVARCHAR) RETURNS LONGVARCHAR  LANGUAGE JAVA DETERMINISTIC NO SQL  EXTERNAL NAME 'CLASSPATH:net.ucanaccess.converters.Functions.orderJet'
CREATE FUNCTION STRCOMP(par0 LONGVARCHAR,par1 LONGVARCHAR,par2 INTEGER) RETURNS INTEGER  LANGUAGE JAVA DETERMINISTIC NO SQL  EXTERNAL NAME 'CLASSPATH:net.ucanaccess.converters.Functions.strComp'
CREATE FUNCTION ATN(par0 DOUBLE) RETURNS DOUBLE  LANGUAGE JAVA DETERMINISTIC NO SQL  EXTERNAL NAME 'CLASSPATH:net.ucanaccess.converters.Functions.atn'
CREATE FUNCTION WEEKDAYNAME(par0 INTEGER) RETURNS VARCHAR(255)  LANGUAGE JAVA DETERMINISTIC NO SQL  EXTERNAL NAME 'CLASSPATH:net.ucanaccess.converters.Functions.weekDayName'
CREATE FUNCTION INSTRWA(par0 INTEGER,par1 LONGVARCHAR,par2 LONGVARCHAR) RETURNS INTEGER  LANGUAGE JAVA DETERMINISTIC NO SQL  EXTERNAL NAME 'CLASSPATH:net.ucanaccess.converters.Functions.instr'
CREATE FUNCTION INSTRWA(par0 INTEGER,par1 LONGVARCHAR,par2 LONGVARCHAR,par3 INTEGER) RETURNS INTEGER  LANGUAGE JAVA DETERMINISTIC NO SQL  EXTERNAL NAME 'CLASSPATH:net.ucanaccess.converters.Functions.instr'
CREATE FUNCTION formulaToBoolean(par0 LONGVARCHAR,par1 LONGVARCHAR) RETURNS BOOLEAN  LANGUAGE JAVA DETERMINISTIC NO SQL  EXTERNAL NAME 'CLASSPATH:net.ucanaccess.converters.Functions.formulaToBoolean'
CREATE FUNCTION ASC(par0 LONGVARCHAR) RETURNS INTEGER  LANGUAGE JAVA DETERMINISTIC NO SQL  EXTERNAL NAME 'CLASSPATH:net.ucanaccess.converters.Functions.asc'
CREATE FUNCTION RATE(par0 DOUBLE,par1 DOUBLE,par2 DOUBLE,par3 DOUBLE,par4 DOUBLE,par5 DOUBLE) RETURNS DOUBLE  LANGUAGE JAVA DETERMINISTIC NO SQL  EXTERNAL NAME 'CLASSPATH:net.ucanaccess.converters.Functions.rate'
CREATE FUNCTION IIF(par0 BOOLEAN,par1 LONGVARCHAR,par2 LONGVARCHAR) RETURNS LONGVARCHAR  LANGUAGE JAVA DETERMINISTIC NO SQL  EXTERNAL NAME 'CLASSPATH:net.ucanaccess.converters.Functions.iif'
CREATE FUNCTION PV(par0 DOUBLE,par1 DOUBLE,par2 DOUBLE,par3 DOUBLE,par4 DOUBLE) RETURNS DOUBLE  LANGUAGE JAVA DETERMINISTIC NO SQL  EXTERNAL NAME 'CLASSPATH:net.ucanaccess.converters.Functions.pv'
CREATE FUNCTION ISNUMERIC(par0 DECIMAL) RETURNS BOOLEAN  LANGUAGE JAVA DETERMINISTIC NO SQL  EXTERNAL NAME 'CLASSPATH:net.ucanaccess.converters.Functions.isNumeric'
CREATE FUNCTION IPMT(par0 DOUBLE,par1 DOUBLE,par2 DOUBLE,par3 DOUBLE,par4 DOUBLE,par5 DOUBLE) RETURNS DOUBLE  LANGUAGE JAVA DETERMINISTIC NO SQL  EXTERNAL NAME 'CLASSPATH:net.ucanaccess.converters.Functions.ipmt'
CREATE FUNCTION STR(par0 DOUBLE) RETURNS VARCHAR(255)  LANGUAGE JAVA DETERMINISTIC NO SQL  EXTERNAL NAME 'CLASSPATH:net.ucanaccess.converters.Functions.str'
CREATE FUNCTION IsNullWA(par0 LONGVARCHAR) RETURNS BOOLEAN  LANGUAGE JAVA DETERMINISTIC NO SQL  EXTERNAL NAME 'CLASSPATH:net.ucanaccess.converters.Functions.isNull'
CREATE FUNCTION CONTAINS(par0 OBJECT,par1 OBJECT) RETURNS BOOLEAN  LANGUAGE JAVA DETERMINISTIC NO SQL  EXTERNAL NAME 'CLASSPATH:net.ucanaccess.converters.Functions.contains'
CREATE FUNCTION CDEC(par0 DOUBLE) RETURNS DOUBLE  LANGUAGE JAVA DETERMINISTIC NO SQL  EXTERNAL NAME 'CLASSPATH:net.ucanaccess.converters.Functions.cdec'
CREATE FUNCTION INSTRREV(par0 LONGVARCHAR,par1 LONGVARCHAR,par2 INTEGER,par3 INTEGER) RETURNS INTEGER  LANGUAGE JAVA DETERMINISTIC NO SQL  EXTERNAL NAME 'CLASSPATH:net.ucanaccess.converters.Functions.instrrev'
CREATE FUNCTION formulaToDate(par0 TIMESTAMP,par1 LONGVARCHAR) RETURNS TIMESTAMP  LANGUAGE JAVA DETERMINISTIC NO SQL  EXTERNAL NAME 'CLASSPATH:net.ucanaccess.converters.Functions.formulaToDate'
CREATE FUNCTION DDB(par0 DOUBLE,par1 DOUBLE,par2 DOUBLE,par3 DOUBLE,par4 DOUBLE) RETURNS DOUBLE  LANGUAGE JAVA DETERMINISTIC NO SQL  EXTERNAL NAME 'CLASSPATH:net.ucanaccess.converters.Functions.ddb'
CREATE FUNCTION NZ(par0 INTEGER,par1 INTEGER) RETURNS INTEGER  LANGUAGE JAVA DETERMINISTIC NO SQL  EXTERNAL NAME 'CLASSPATH:net.ucanaccess.converters.Functions.nz'
CREATE FUNCTION DATEPARTWA(par0 LONGVARCHAR,par1 LONGVARCHAR,par2 INTEGER) RETURNS INTEGER  LANGUAGE JAVA DETERMINISTIC NO SQL  EXTERNAL NAME 'CLASSPATH:net.ucanaccess.converters.Functions.datePart'
CREATE FUNCTION DATEPARTWA(par0 LONGVARCHAR,par1 TIMESTAMP) RETURNS INTEGER  LANGUAGE JAVA DETERMINISTIC NO SQL  EXTERNAL NAME 'CLASSPATH:net.ucanaccess.converters.Functions.datePart'
CREATE FUNCTION RND(par0 DOUBLE) RETURNS DOUBLE  LANGUAGE JAVA DETERMINISTIC NO SQL  EXTERNAL NAME 'CLASSPATH:net.ucanaccess.converters.Functions.rnd'
CREATE FUNCTION NZ(par0 LONGVARCHAR) RETURNS LONGVARCHAR  LANGUAGE JAVA DETERMINISTIC NO SQL  EXTERNAL NAME 'CLASSPATH:net.ucanaccess.converters.Functions.nz'
CREATE FUNCTION VAL(par0 LONGVARCHAR) RETURNS DOUBLE  LANGUAGE JAVA DETERMINISTIC NO SQL  EXTERNAL NAME 'CLASSPATH:net.ucanaccess.converters.Functions.val'
CREATE FUNCTION TIME() RETURNS TIMESTAMP  LANGUAGE JAVA DETERMINISTIC NO SQL  EXTERNAL NAME 'CLASSPATH:net.ucanaccess.converters.Functions.time'
CREATE FUNCTION IIF(par0 BOOLEAN,par1 INTEGER,par2 INTEGER) RETURNS INTEGER  LANGUAGE JAVA DETERMINISTIC NO SQL  EXTERNAL NAME 'CLASSPATH:net.ucanaccess.converters.Functions.iif'
CREATE FUNCTION CSTR(par0 INTEGER) RETURNS LONGVARCHAR  LANGUAGE JAVA DETERMINISTIC NO SQL  EXTERNAL NAME 'CLASSPATH:net.ucanaccess.converters.Functions.cstr'
CREATE FUNCTION NZ(par0 DOUBLE) RETURNS DOUBLE  LANGUAGE JAVA DETERMINISTIC NO SQL  EXTERNAL NAME 'CLASSPATH:net.ucanaccess.converters.Functions.nz'
CREATE FUNCTION SQR(par0 DOUBLE) RETURNS DOUBLE  LANGUAGE JAVA DETERMINISTIC NO SQL  EXTERNAL NAME 'CLASSPATH:net.ucanaccess.converters.Functions.sqr'
CREATE FUNCTION SIGN(par0 DOUBLE) RETURNS SMALLINT  LANGUAGE JAVA DETERMINISTIC NO SQL  EXTERNAL NAME 'CLASSPATH:net.ucanaccess.converters.Functions.sign'
CREATE FUNCTION NZ(par0 DECIMAL,par1 DECIMAL) RETURNS DECIMAL  LANGUAGE JAVA DETERMINISTIC NO SQL  EXTERNAL NAME 'CLASSPATH:net.ucanaccess.converters.Functions.nz'
CREATE FUNCTION ISDATE(par0 LONGVARCHAR) RETURNS BOOLEAN  LANGUAGE JAVA DETERMINISTIC NO SQL  EXTERNAL NAME 'CLASSPATH:net.ucanaccess.converters.Functions.isDate'
CREATE FUNCTION NOWWA() RETURNS TIMESTAMP  LANGUAGE JAVA DETERMINISTIC NO SQL  EXTERNAL NAME 'CLASSPATH:net.ucanaccess.converters.Functions.now'
CREATE FUNCTION CBOOL(par0 DECIMAL) RETURNS BOOLEAN  LANGUAGE JAVA DETERMINISTIC NO SQL  EXTERNAL NAME 'CLASSPATH:net.ucanaccess.converters.Functions.cbool'
CREATE FUNCTION FORMAT(par0 VARCHAR(255),par1 VARCHAR(255)) RETURNS VARCHAR(255)  LANGUAGE JAVA DETERMINISTIC NO SQL  EXTERNAL NAME 'CLASSPATH:net.ucanaccess.converters.Functions.format'
CREATE FUNCTION DATEDIFFWA(par0 LONGVARCHAR,par1 LONGVARCHAR,par2 LONGVARCHAR) RETURNS INTEGER  LANGUAGE JAVA DETERMINISTIC NO SQL  EXTERNAL NAME 'CLASSPATH:net.ucanaccess.converters.Functions.dateDiff'
CREATE FUNCTION formulaToNumeric(par0 LONGVARCHAR,par1 LONGVARCHAR) RETURNS DOUBLE  LANGUAGE JAVA DETERMINISTIC NO SQL  EXTERNAL NAME 'CLASSPATH:net.ucanaccess.converters.Functions.formulaToNumeric'
CREATE FUNCTION RATE(par0 DOUBLE,par1 DOUBLE,par2 DOUBLE,par3 DOUBLE) RETURNS DOUBLE  LANGUAGE JAVA DETERMINISTIC NO SQL  EXTERNAL NAME 'CLASSPATH:net.ucanaccess.converters.Functions.rate'
CREATE FUNCTION NPER(par0 DOUBLE,par1 DOUBLE,par2 DOUBLE) RETURNS DOUBLE  LANGUAGE JAVA DETERMINISTIC NO SQL  EXTERNAL NAME 'CLASSPATH:net.ucanaccess.converters.Functions.nper'
CREATE FUNCTION CSIGN(par0 DOUBLE) RETURNS FLOAT  LANGUAGE JAVA DETERMINISTIC NO SQL  EXTERNAL NAME 'CLASSPATH:net.ucanaccess.converters.Functions.csign'
CREATE FUNCTION MONTHNAMEWA(par0 INTEGER,par1 BOOLEAN) RETURNS VARCHAR(255)  LANGUAGE JAVA DETERMINISTIC NO SQL  EXTERNAL NAME 'CLASSPATH:net.ucanaccess.converters.Functions.monthName'
CREATE FUNCTION DATEPARTWA(par0 LONGVARCHAR,par1 TIMESTAMP,par2 INTEGER) RETURNS INTEGER  LANGUAGE JAVA DETERMINISTIC NO SQL  EXTERNAL NAME 'CLASSPATH:net.ucanaccess.converters.Functions.datePart'
CREATE FUNCTION CLONG(par0 BOOLEAN) RETURNS INTEGER  LANGUAGE JAVA DETERMINISTIC NO SQL  EXTERNAL NAME 'CLASSPATH:net.ucanaccess.converters.Functions.clong'
CREATE FUNCTION INT(par0 BOOLEAN) RETURNS SMALLINT  LANGUAGE JAVA DETERMINISTIC NO SQL  EXTERNAL NAME 'CLASSPATH:net.ucanaccess.converters.Functions.mint'
CREATE FUNCTION CVAR(par0 DOUBLE) RETURNS LONGVARCHAR  LANGUAGE JAVA DETERMINISTIC NO SQL  EXTERNAL NAME 'CLASSPATH:net.ucanaccess.converters.Functions.cvar'
CREATE FUNCTION INSTRREV(par0 VARCHAR(255),par1 VARCHAR(255)) RETURNS INTEGER  LANGUAGE JAVA DETERMINISTIC NO SQL  EXTERNAL NAME 'CLASSPATH:net.ucanaccess.converters.Functions.instrrev'
CREATE FUNCTION PMT(par0 DOUBLE,par1 DOUBLE,par2 DOUBLE,par3 DOUBLE) RETURNS DOUBLE  LANGUAGE JAVA DETERMINISTIC NO SQL  EXTERNAL NAME 'CLASSPATH:net.ucanaccess.converters.Functions.pmt'
CREATE FUNCTION FV(par0 DOUBLE,par1 INTEGER,par2 DOUBLE,par3 DOUBLE,par4 DOUBLE) RETURNS DOUBLE  LANGUAGE JAVA DETERMINISTIC NO SQL  EXTERNAL NAME 'CLASSPATH:net.ucanaccess.converters.Functions.fv'
CREATE FUNCTION DATEADDWA(par0 LONGVARCHAR,par1 INTEGER,par2 LONGVARCHAR) RETURNS TIMESTAMP  LANGUAGE JAVA DETERMINISTIC NO SQL  EXTERNAL NAME 'CLASSPATH:net.ucanaccess.converters.Functions.dateAdd'
CREATE FUNCTION DATEDIFFWA(par0 LONGVARCHAR,par1 TIMESTAMP,par2 TIMESTAMP) RETURNS INTEGER  LANGUAGE JAVA DETERMINISTIC NO SQL  EXTERNAL NAME 'CLASSPATH:net.ucanaccess.converters.Functions.dateDiff'
CREATE FUNCTION NPER(par0 DOUBLE,par1 DOUBLE,par2 DOUBLE,par3 DOUBLE) RETURNS DOUBLE  LANGUAGE JAVA DETERMINISTIC NO SQL  EXTERNAL NAME 'CLASSPATH:net.ucanaccess.converters.Functions.nper'
CREATE FUNCTION PV(par0 DOUBLE,par1 DOUBLE,par2 DOUBLE) RETURNS DOUBLE  LANGUAGE JAVA DETERMINISTIC NO SQL  EXTERNAL NAME 'CLASSPATH:net.ucanaccess.converters.Functions.pv'
CREATE FUNCTION RND() RETURNS DOUBLE  LANGUAGE JAVA DETERMINISTIC NO SQL  EXTERNAL NAME 'CLASSPATH:net.ucanaccess.converters.Functions.rnd'
CREATE FUNCTION DATEPARTWA(par0 LONGVARCHAR,par1 LONGVARCHAR) RETURNS INTEGER  LANGUAGE JAVA DETERMINISTIC NO SQL  EXTERNAL NAME 'CLASSPATH:net.ucanaccess.converters.Functions.datePart'
CREATE FUNCTION WEEKDAYNAME(par0 INTEGER,par1 BOOLEAN,par2 INTEGER) RETURNS VARCHAR(255)  LANGUAGE JAVA DETERMINISTIC NO SQL  EXTERNAL NAME 'CLASSPATH:net.ucanaccess.converters.Functions.weekDayName'
CREATE FUNCTION "LEFT$"(par0 LONGVARCHAR,par1 INTEGER) RETURNS LONGVARCHAR  LANGUAGE JAVA DETERMINISTIC NO SQL  EXTERNAL NAME 'CLASSPATH:net.ucanaccess.converters.Functions.leftS'
CREATE FUNCTION IsNullWA(par0 TIMESTAMP) RETURNS BOOLEAN  LANGUAGE JAVA DETERMINISTIC NO SQL  EXTERNAL NAME 'CLASSPATH:net.ucanaccess.converters.Functions.isNull'
CREATE FUNCTION CBOOL(par0 LONGVARCHAR) RETURNS BOOLEAN  LANGUAGE JAVA DETERMINISTIC NO SQL  EXTERNAL NAME 'CLASSPATH:net.ucanaccess.converters.Functions.cbool'
CREATE FUNCTION DATESERIAL(par0 INTEGER,par1 INTEGER,par2 INTEGER) RETURNS TIMESTAMP  LANGUAGE JAVA DETERMINISTIC NO SQL  EXTERNAL NAME 'CLASSPATH:net.ucanaccess.converters.Functions.dateSerial'
CREATE FUNCTION CSTR(par0 BOOLEAN) RETURNS LONGVARCHAR  LANGUAGE JAVA DETERMINISTIC NO SQL  EXTERNAL NAME 'CLASSPATH:net.ucanaccess.converters.Functions.cstr'
CREATE FUNCTION CDATE(par0 LONGVARCHAR) RETURNS TIMESTAMP  LANGUAGE JAVA DETERMINISTIC NO SQL  EXTERNAL NAME 'CLASSPATH:net.ucanaccess.converters.Functions.cdate'
CREATE FUNCTION CLNG(par0 DOUBLE) RETURNS INTEGER  LANGUAGE JAVA DETERMINISTIC NO SQL  EXTERNAL NAME 'CLASSPATH:net.ucanaccess.converters.Functions.clng'
CREATE FUNCTION NZ(par0 LONGVARCHAR,par1 LONGVARCHAR) RETURNS LONGVARCHAR  LANGUAGE JAVA DETERMINISTIC NO SQL  EXTERNAL NAME 'CLASSPATH:net.ucanaccess.converters.Functions.nz'
CREATE FUNCTION VAL(par0 DECIMAL) RETURNS DOUBLE  LANGUAGE JAVA DETERMINISTIC NO SQL  EXTERNAL NAME 'CLASSPATH:net.ucanaccess.converters.Functions.val'
CREATE FUNCTION PV(par0 DOUBLE,par1 DOUBLE,par2 DOUBLE,par3 DOUBLE) RETURNS DOUBLE  LANGUAGE JAVA DETERMINISTIC NO SQL  EXTERNAL NAME 'CLASSPATH:net.ucanaccess.converters.Functions.pv'
CREATE FUNCTION "RIGHT$"(par0 LONGVARCHAR,par1 INTEGER) RETURNS LONGVARCHAR  LANGUAGE JAVA DETERMINISTIC NO SQL  EXTERNAL NAME 'CLASSPATH:net.ucanaccess.converters.Functions.rightS'
CREATE FUNCTION TIMESERIAL(par0 INTEGER,par1 INTEGER,par2 INTEGER) RETURNS TIMESTAMP  LANGUAGE JAVA DETERMINISTIC NO SQL  EXTERNAL NAME 'CLASSPATH:net.ucanaccess.converters.Functions.timeserial'
CREATE FUNCTION IsNullWA(par0 DOUBLE) RETURNS BOOLEAN  LANGUAGE JAVA DETERMINISTIC NO SQL  EXTERNAL NAME 'CLASSPATH:net.ucanaccess.converters.Functions.isNull'
CREATE FUNCTION INSTRREV(par0 LONGVARCHAR,par1 LONGVARCHAR,par2 INTEGER) RETURNS INTEGER  LANGUAGE JAVA DETERMINISTIC NO SQL  EXTERNAL NAME 'CLASSPATH:net.ucanaccess.converters.Functions.instrrev'
CREATE FUNCTION CSTR(par0 VARCHAR(255)) RETURNS LONGVARCHAR  LANGUAGE JAVA DETERMINISTIC NO SQL  EXTERNAL NAME 'CLASSPATH:net.ucanaccess.converters.Functions.cstr'
CREATE FUNCTION FV(par0 DOUBLE,par1 INTEGER,par2 DOUBLE) RETURNS DOUBLE  LANGUAGE JAVA DETERMINISTIC NO SQL  EXTERNAL NAME 'CLASSPATH:net.ucanaccess.converters.Functions.fv'
CREATE FUNCTION DATEDIFFWA(par0 LONGVARCHAR,par1 TIMESTAMP,par2 LONGVARCHAR) RETURNS INTEGER  LANGUAGE JAVA DETERMINISTIC NO SQL  EXTERNAL NAME 'CLASSPATH:net.ucanaccess.converters.Functions.dateDiff'
CREATE FUNCTION DATEVALUE(par0 TIMESTAMP) RETURNS TIMESTAMP  LANGUAGE JAVA DETERMINISTIC NO SQL  EXTERNAL NAME 'CLASSPATH:net.ucanaccess.converters.Functions.dateValue'
CREATE FUNCTION WEEKDAY(par0 TIMESTAMP,par1 INTEGER) RETURNS INTEGER  LANGUAGE JAVA DETERMINISTIC NO SQL  EXTERNAL NAME 'CLASSPATH:net.ucanaccess.converters.Functions.weekDay'
CREATE FUNCTION INT(par0 DOUBLE) RETURNS INTEGER  LANGUAGE JAVA DETERMINISTIC NO SQL  EXTERNAL NAME 'CLASSPATH:net.ucanaccess.converters.Functions.mint'
CREATE FUNCTION formulaToBoolean(par0 DOUBLE,par1 LONGVARCHAR) RETURNS BOOLEAN  LANGUAGE JAVA DETERMINISTIC NO SQL  EXTERNAL NAME 'CLASSPATH:net.ucanaccess.converters.Functions.formulaToBoolean'
CREATE FUNCTION IIF(par0 BOOLEAN,par1 DOUBLE,par2 DOUBLE) RETURNS DOUBLE  LANGUAGE JAVA DETERMINISTIC NO SQL  EXTERNAL NAME 'CLASSPATH:net.ucanaccess.converters.Functions.iif'
CREATE FUNCTION DDB(par0 DOUBLE,par1 DOUBLE,par2 DOUBLE,par3 DOUBLE) RETURNS DOUBLE  LANGUAGE JAVA DETERMINISTIC NO SQL  EXTERNAL NAME 'CLASSPATH:net.ucanaccess.converters.Functions.ddb'
CREATE FUNCTION CSTR(par0 DOUBLE) RETURNS LONGVARCHAR  LANGUAGE JAVA DETERMINISTIC NO SQL  EXTERNAL NAME 'CLASSPATH:net.ucanaccess.converters.Functions.cstr'
CREATE FUNCTION MID(par0 LONGVARCHAR,par1 INTEGER) RETURNS LONGVARCHAR  LANGUAGE JAVA DETERMINISTIC NO SQL  EXTERNAL NAME 'CLASSPATH:net.ucanaccess.converters.Functions.mid'
CREATE FUNCTION DATEPARTWA(par0 LONGVARCHAR,par1 TIMESTAMP,par2 INTEGER,par3 INTEGER) RETURNS INTEGER  LANGUAGE JAVA DETERMINISTIC NO SQL  EXTERNAL NAME 'CLASSPATH:net.ucanaccess.converters.Functions.datePart'
CREATE FUNCTION PPMT(par0 DOUBLE,par1 INTEGER,par2 INTEGER,par3 DOUBLE,par4 DOUBLE) RETURNS DOUBLE  LANGUAGE JAVA DETERMINISTIC NO SQL  EXTERNAL NAME 'CLASSPATH:net.ucanaccess.converters.Functions.ppmt'
CREATE FUNCTION CBOOL(par0 BOOLEAN) RETURNS BOOLEAN  LANGUAGE JAVA DETERMINISTIC NO SQL  EXTERNAL NAME 'CLASSPATH:net.ucanaccess.converters.Functions.cbool'
CREATE FUNCTION EQUALSIGNOREORDER(par0 OBJECT,par1 OBJECT) RETURNS BOOLEAN  LANGUAGE JAVA DETERMINISTIC NO SQL  EXTERNAL NAME 'CLASSPATH:net.ucanaccess.converters.Functions.equalsIgnoreOrder'
CREATE FUNCTION TIMESTAMP0(par0 LONGVARCHAR) RETURNS TIMESTAMP  LANGUAGE JAVA DETERMINISTIC NO SQL  EXTERNAL NAME 'CLASSPATH:net.ucanaccess.converters.Functions.timestamp0'
CREATE FUNCTION DATEVALUE(par0 LONGVARCHAR) RETURNS TIMESTAMP  LANGUAGE JAVA DETERMINISTIC NO SQL  EXTERNAL NAME 'CLASSPATH:net.ucanaccess.converters.Functions.dateValue'
CREATE FUNCTION formulaToBoolean(par0 TIMESTAMP,par1 LONGVARCHAR) RETURNS BOOLEAN  LANGUAGE JAVA DETERMINISTIC NO SQL  EXTERNAL NAME 'CLASSPATH:net.ucanaccess.converters.Functions.formulaToBoolean'
CREATE FUNCTION SWITCH(  B0 BOOLEAN ,V0 BLOB ) RETURNS BLOB  RETURN(CASE   WHEN B0 THEN V0 END)
CREATE FUNCTION SWITCH(  B0 BOOLEAN ,V0 BLOB ,B1 BOOLEAN ,V1 BLOB ) RETURNS BLOB  RETURN(CASE   WHEN B0 THEN V0  WHEN B1 THEN V1 END)
CREATE FUNCTION SWITCH(  B0 BOOLEAN ,V0 BLOB ,B1 BOOLEAN ,V1 BLOB ,B2 BOOLEAN ,V2 BLOB ) RETURNS BLOB  RETURN(CASE   WHEN B0 THEN V0  WHEN B1 THEN V1  WHEN B2 THEN V2 END)
CREATE FUNCTION SWITCH(  B0 BOOLEAN ,V0 BLOB ,B1 BOOLEAN ,V1 BLOB ,B2 BOOLEAN ,V2 BLOB ,B3 BOOLEAN ,V3 BLOB ) RETURNS BLOB  RETURN(CASE   WHEN B0 THEN V0  WHEN B1 THEN V1  WHEN B2 THEN V2  WHEN B3 THEN V3 END)
CREATE FUNCTION SWITCH(  B0 BOOLEAN ,V0 BLOB ,B1 BOOLEAN ,V1 BLOB ,B2 BOOLEAN ,V2 BLOB ,B3 BOOLEAN ,V3 BLOB ,B4 BOOLEAN ,V4 BLOB ) RETURNS BLOB  RETURN(CASE   WHEN B0 THEN V0  WHEN B1 THEN V1  WHEN B2 THEN V2  WHEN B3 THEN V3  WHEN B4 THEN V4 END)
CREATE FUNCTION SWITCH(  B0 BOOLEAN ,V0 BLOB ,B1 BOOLEAN ,V1 BLOB ,B2 BOOLEAN ,V2 BLOB ,B3 BOOLEAN ,V3 BLOB ,B4 BOOLEAN ,V4 BLOB ,B5 BOOLEAN ,V5 BLOB ) RETURNS BLOB  RETURN(CASE   WHEN B0 THEN V0  WHEN B1 THEN V1  WHEN B2 THEN V2  WHEN B3 THEN V3  WHEN B4 THEN V4  WHEN B5 THEN V5 END)
CREATE FUNCTION SWITCH(  B0 BOOLEAN ,V0 BLOB ,B1 BOOLEAN ,V1 BLOB ,B2 BOOLEAN ,V2 BLOB ,B3 BOOLEAN ,V3 BLOB ,B4 BOOLEAN ,V4 BLOB ,B5 BOOLEAN ,V5 BLOB ,B6 BOOLEAN ,V6 BLOB ) RETURNS BLOB  RETURN(CASE   WHEN B0 THEN V0  WHEN B1 THEN V1  WHEN B2 THEN V2  WHEN B3 THEN V3  WHEN B4 THEN V4  WHEN B5 THEN V5  WHEN B6 THEN V6 END)
CREATE FUNCTION SWITCH(  B0 BOOLEAN ,V0 BLOB ,B1 BOOLEAN ,V1 BLOB ,B2 BOOLEAN ,V2 BLOB ,B3 BOOLEAN ,V3 BLOB ,B4 BOOLEAN ,V4 BLOB ,B5 BOOLEAN ,V5 BLOB ,B6 BOOLEAN ,V6 BLOB ,B7 BOOLEAN ,V7 BLOB ) RETURNS BLOB  RETURN(CASE   WHEN B0 THEN V0  WHEN B1 THEN V1  WHEN B2 THEN V2  WHEN B3 THEN V3  WHEN B4 THEN V4  WHEN B5 THEN V5  WHEN B6 THEN V6  WHEN B7 THEN V7 END)
CREATE FUNCTION SWITCH(  B0 BOOLEAN ,V0 BLOB ,B1 BOOLEAN ,V1 BLOB ,B2 BOOLEAN ,V2 BLOB ,B3 BOOLEAN ,V3 BLOB ,B4 BOOLEAN ,V4 BLOB ,B5 BOOLEAN ,V5 BLOB ,B6 BOOLEAN ,V6 BLOB ,B7 BOOLEAN ,V7 BLOB ,B8 BOOLEAN ,V8 BLOB ) RETURNS BLOB  RETURN(CASE   WHEN B0 THEN V0  WHEN B1 THEN V1  WHEN B2 THEN V2  WHEN B3 THEN V3  WHEN B4 THEN V4  WHEN B5 THEN V5  WHEN B6 THEN V6  WHEN B7 THEN V7  WHEN B8 THEN V8 END)
CREATE FUNCTION SWITCH(  B0 BOOLEAN ,V0 BOOLEAN ) RETURNS BOOLEAN  RETURN(CASE   WHEN B0 THEN V0 END)
CREATE FUNCTION SWITCH(  B0 BOOLEAN ,V0 BOOLEAN ,B1 BOOLEAN ,V1 BOOLEAN ) RETURNS BOOLEAN  RETURN(CASE   WHEN B0 THEN V0  WHEN B1 THEN V1 END)
CREATE FUNCTION SWITCH(  B0 BOOLEAN ,V0 BOOLEAN ,B1 BOOLEAN ,V1 BOOLEAN ,B2 BOOLEAN ,V2 BOOLEAN ) RETURNS BOOLEAN  RETURN(CASE   WHEN B0 THEN V0  WHEN B1 THEN V1  WHEN B2 THEN V2 END)
CREATE FUNCTION SWITCH(  B0 BOOLEAN ,V0 BOOLEAN ,B1 BOOLEAN ,V1 BOOLEAN ,B2 BOOLEAN ,V2 BOOLEAN ,B3 BOOLEAN ,V3 BOOLEAN ) RETURNS BOOLEAN  RETURN(CASE   WHEN B0 THEN V0  WHEN B1 THEN V1  WHEN B2 THEN V2  WHEN B3 THEN V3 END)
CREATE FUNCTION SWITCH(  B0 BOOLEAN ,V0 BOOLEAN ,B1 BOOLEAN ,V1 BOOLEAN ,B2 BOOLEAN ,V2 BOOLEAN ,B3 BOOLEAN ,V3 BOOLEAN ,B4 BOOLEAN ,V4 BOOLEAN ) RETURNS BOOLEAN  RETURN(CASE   WHEN B0 THEN V0  WHEN B1 THEN V1  WHEN B2 THEN V2  WHEN B3 THEN V3  WHEN B4 THEN V4 END)
CREATE FUNCTION SWITCH(  B0 BOOLEAN ,V0 BOOLEAN ,B1 BOOLEAN ,V1 BOOLEAN ,B2 BOOLEAN ,V2 BOOLEAN ,B3 BOOLEAN ,V3 BOOLEAN ,B4 BOOLEAN ,V4 BOOLEAN ,B5 BOOLEAN ,V5 BOOLEAN ) RETURNS BOOLEAN  RETURN(CASE   WHEN B0 THEN V0  WHEN B1 THEN V1  WHEN B2 THEN V2  WHEN B3 THEN V3  WHEN B4 THEN V4  WHEN B5 THEN V5 END)
CREATE FUNCTION SWITCH(  B0 BOOLEAN ,V0 BOOLEAN ,B1 BOOLEAN ,V1 BOOLEAN ,B2 BOOLEAN ,V2 BOOLEAN ,B3 BOOLEAN ,V3 BOOLEAN ,B4 BOOLEAN ,V4 BOOLEAN ,B5 BOOLEAN ,V5 BOOLEAN ,B6 BOOLEAN ,V6 BOOLEAN ) RETURNS BOOLEAN  RETURN(CASE   WHEN B0 THEN V0  WHEN B1 THEN V1  WHEN B2 THEN V2  WHEN B3 THEN V3  WHEN B4 THEN V4  WHEN B5 THEN V5  WHEN B6 THEN V6 END)
CREATE FUNCTION SWITCH(  B0 BOOLEAN ,V0 BOOLEAN ,B1 BOOLEAN ,V1 BOOLEAN ,B2 BOOLEAN ,V2 BOOLEAN ,B3 BOOLEAN ,V3 BOOLEAN ,B4 BOOLEAN ,V4 BOOLEAN ,B5 BOOLEAN ,V5 BOOLEAN ,B6 BOOLEAN ,V6 BOOLEAN ,B7 BOOLEAN ,V7 BOOLEAN ) RETURNS BOOLEAN  RETURN(CASE   WHEN B0 THEN V0  WHEN B1 THEN V1  WHEN B2 THEN V2  WHEN B3 THEN V3  WHEN B4 THEN V4  WHEN B5 THEN V5  WHEN B6 THEN V6  WHEN B7 THEN V7 END)
CREATE FUNCTION SWITCH(  B0 BOOLEAN ,V0 BOOLEAN ,B1 BOOLEAN ,V1 BOOLEAN ,B2 BOOLEAN ,V2 BOOLEAN ,B3 BOOLEAN ,V3 BOOLEAN ,B4 BOOLEAN ,V4 BOOLEAN ,B5 BOOLEAN ,V5 BOOLEAN ,B6 BOOLEAN ,V6 BOOLEAN ,B7 BOOLEAN ,V7 BOOLEAN ,B8 BOOLEAN ,V8 BOOLEAN ) RETURNS BOOLEAN  RETURN(CASE   WHEN B0 THEN V0  WHEN B1 THEN V1  WHEN B2 THEN V2  WHEN B3 THEN V3  WHEN B4 THEN V4  WHEN B5 THEN V5  WHEN B6 THEN V6  WHEN B7 THEN V7  WHEN B8 THEN V8 END)
CREATE FUNCTION SWITCH(  B0 BOOLEAN ,V0 TIMESTAMP ) RETURNS TIMESTAMP  RETURN(CASE   WHEN B0 THEN V0 END)
CREATE FUNCTION SWITCH(  B0 BOOLEAN ,V0 TIMESTAMP ,B1 BOOLEAN ,V1 TIMESTAMP ) RETURNS TIMESTAMP  RETURN(CASE   WHEN B0 THEN V0  WHEN B1 THEN V1 END)
CREATE FUNCTION SWITCH(  B0 BOOLEAN ,V0 TIMESTAMP ,B1 BOOLEAN ,V1 TIMESTAMP ,B2 BOOLEAN ,V2 TIMESTAMP ) RETURNS TIMESTAMP  RETURN(CASE   WHEN B0 THEN V0  WHEN B1 THEN V1  WHEN B2 THEN V2 END)
CREATE FUNCTION SWITCH(  B0 BOOLEAN ,V0 TIMESTAMP ,B1 BOOLEAN ,V1 TIMESTAMP ,B2 BOOLEAN ,V2 TIMESTAMP ,B3 BOOLEAN ,V3 TIMESTAMP ) RETURNS TIMESTAMP  RETURN(CASE   WHEN B0 THEN V0  WHEN B1 THEN V1  WHEN B2 THEN V2  WHEN B3 THEN V3 END)
CREATE FUNCTION SWITCH(  B0 BOOLEAN ,V0 TIMESTAMP ,B1 BOOLEAN ,V1 TIMESTAMP ,B2 BOOLEAN ,V2 TIMESTAMP ,B3 BOOLEAN ,V3 TIMESTAMP ,B4 BOOLEAN ,V4 TIMESTAMP ) RETURNS TIMESTAMP  RETURN(CASE   WHEN B0 THEN V0  WHEN B1 THEN V1  WHEN B2 THEN V2  WHEN B3 THEN V3  WHEN B4 THEN V4 END)
CREATE FUNCTION SWITCH(  B0 BOOLEAN ,V0 TIMESTAMP ,B1 BOOLEAN ,V1 TIMESTAMP ,B2 BOOLEAN ,V2 TIMESTAMP ,B3 BOOLEAN ,V3 TIMESTAMP ,B4 BOOLEAN ,V4 TIMESTAMP ,B5 BOOLEAN ,V5 TIMESTAMP ) RETURNS TIMESTAMP  RETURN(CASE   WHEN B0 THEN V0  WHEN B1 THEN V1  WHEN B2 THEN V2  WHEN B3 THEN V3  WHEN B4 THEN V4  WHEN B5 THEN V5 END)
CREATE FUNCTION SWITCH(  B0 BOOLEAN ,V0 TIMESTAMP ,B1 BOOLEAN ,V1 TIMESTAMP ,B2 BOOLEAN ,V2 TIMESTAMP ,B3 BOOLEAN ,V3 TIMESTAMP ,B4 BOOLEAN ,V4 TIMESTAMP ,B5 BOOLEAN ,V5 TIMESTAMP ,B6 BOOLEAN ,V6 TIMESTAMP ) RETURNS TIMESTAMP  RETURN(CASE   WHEN B0 THEN V0  WHEN B1 THEN V1  WHEN B2 THEN V2  WHEN B3 THEN V3  WHEN B4 THEN V4  WHEN B5 THEN V5  WHEN B6 THEN V6 END)
CREATE FUNCTION SWITCH(  B0 BOOLEAN ,V0 TIMESTAMP ,B1 BOOLEAN ,V1 TIMESTAMP ,B2 BOOLEAN ,V2 TIMESTAMP ,B3 BOOLEAN ,V3 TIMESTAMP ,B4 BOOLEAN ,V4 TIMESTAMP ,B5 BOOLEAN ,V5 TIMESTAMP ,B6 BOOLEAN ,V6 TIMESTAMP ,B7 BOOLEAN ,V7 TIMESTAMP ) RETURNS TIMESTAMP  RETURN(CASE   WHEN B0 THEN V0  WHEN B1 THEN V1  WHEN B2 THEN V2  WHEN B3 THEN V3  WHEN B4 THEN V4  WHEN B5 THEN V5  WHEN B6 THEN V6  WHEN B7 THEN V7 END)
CREATE FUNCTION SWITCH(  B0 BOOLEAN ,V0 TIMESTAMP ,B1 BOOLEAN ,V1 TIMESTAMP ,B2 BOOLEAN ,V2 TIMESTAMP ,B3 BOOLEAN ,V3 TIMESTAMP ,B4 BOOLEAN ,V4 TIMESTAMP ,B5 BOOLEAN ,V5 TIMESTAMP ,B6 BOOLEAN ,V6 TIMESTAMP ,B7 BOOLEAN ,V7 TIMESTAMP ,B8 BOOLEAN ,V8 TIMESTAMP ) RETURNS TIMESTAMP  RETURN(CASE   WHEN B0 THEN V0  WHEN B1 THEN V1  WHEN B2 THEN V2  WHEN B3 THEN V3  WHEN B4 THEN V4  WHEN B5 THEN V5  WHEN B6 THEN V6  WHEN B7 THEN V7  WHEN B8 THEN V8 END)
CREATE FUNCTION SWITCH(  B0 BOOLEAN ,V0 SMALLINT ) RETURNS SMALLINT  RETURN(CASE   WHEN B0 THEN V0 END)
CREATE FUNCTION SWITCH(  B0 BOOLEAN ,V0 SMALLINT ,B1 BOOLEAN ,V1 SMALLINT ) RETURNS SMALLINT  RETURN(CASE   WHEN B0 THEN V0  WHEN B1 THEN V1 END)
CREATE FUNCTION SWITCH(  B0 BOOLEAN ,V0 SMALLINT ,B1 BOOLEAN ,V1 SMALLINT ,B2 BOOLEAN ,V2 SMALLINT ) RETURNS SMALLINT  RETURN(CASE   WHEN B0 THEN V0  WHEN B1 THEN V1  WHEN B2 THEN V2 END)
CREATE FUNCTION SWITCH(  B0 BOOLEAN ,V0 SMALLINT ,B1 BOOLEAN ,V1 SMALLINT ,B2 BOOLEAN ,V2 SMALLINT ,B3 BOOLEAN ,V3 SMALLINT ) RETURNS SMALLINT  RETURN(CASE   WHEN B0 THEN V0  WHEN B1 THEN V1  WHEN B2 THEN V2  WHEN B3 THEN V3 END)
CREATE FUNCTION SWITCH(  B0 BOOLEAN ,V0 SMALLINT ,B1 BOOLEAN ,V1 SMALLINT ,B2 BOOLEAN ,V2 SMALLINT ,B3 BOOLEAN ,V3 SMALLINT ,B4 BOOLEAN ,V4 SMALLINT ) RETURNS SMALLINT  RETURN(CASE   WHEN B0 THEN V0  WHEN B1 THEN V1  WHEN B2 THEN V2  WHEN B3 THEN V3  WHEN B4 THEN V4 END)
CREATE FUNCTION SWITCH(  B0 BOOLEAN ,V0 SMALLINT ,B1 BOOLEAN ,V1 SMALLINT ,B2 BOOLEAN ,V2 SMALLINT ,B3 BOOLEAN ,V3 SMALLINT ,B4 BOOLEAN ,V4 SMALLINT ,B5 BOOLEAN ,V5 SMALLINT ) RETURNS SMALLINT  RETURN(CASE   WHEN B0 THEN V0  WHEN B1 THEN V1  WHEN B2 THEN V2  WHEN B3 THEN V3  WHEN B4 THEN V4  WHEN B5 THEN V5 END)
CREATE FUNCTION SWITCH(  B0 BOOLEAN ,V0 SMALLINT ,B1 BOOLEAN ,V1 SMALLINT ,B2 BOOLEAN ,V2 SMALLINT ,B3 BOOLEAN ,V3 SMALLINT ,B4 BOOLEAN ,V4 SMALLINT ,B5 BOOLEAN ,V5 SMALLINT ,B6 BOOLEAN ,V6 SMALLINT ) RETURNS SMALLINT  RETURN(CASE   WHEN B0 THEN V0  WHEN B1 THEN V1  WHEN B2 THEN V2  WHEN B3 THEN V3  WHEN B4 THEN V4  WHEN B5 THEN V5  WHEN B6 THEN V6 END)
CREATE FUNCTION SWITCH(  B0 BOOLEAN ,V0 SMALLINT ,B1 BOOLEAN ,V1 SMALLINT ,B2 BOOLEAN ,V2 SMALLINT ,B3 BOOLEAN ,V3 SMALLINT ,B4 BOOLEAN ,V4 SMALLINT ,B5 BOOLEAN ,V5 SMALLINT ,B6 BOOLEAN ,V6 SMALLINT ,B7 BOOLEAN ,V7 SMALLINT ) RETURNS SMALLINT  RETURN(CASE   WHEN B0 THEN V0  WHEN B1 THEN V1  WHEN B2 THEN V2  WHEN B3 THEN V3  WHEN B4 THEN V4  WHEN B5 THEN V5  WHEN B6 THEN V6  WHEN B7 THEN V7 END)
CREATE FUNCTION SWITCH(  B0 BOOLEAN ,V0 SMALLINT ,B1 BOOLEAN ,V1 SMALLINT ,B2 BOOLEAN ,V2 SMALLINT ,B3 BOOLEAN ,V3 SMALLINT ,B4 BOOLEAN ,V4 SMALLINT ,B5 BOOLEAN ,V5 SMALLINT ,B6 BOOLEAN ,V6 SMALLINT ,B7 BOOLEAN ,V7 SMALLINT ,B8 BOOLEAN ,V8 SMALLINT ) RETURNS SMALLINT  RETURN(CASE   WHEN B0 THEN V0  WHEN B1 THEN V1  WHEN B2 THEN V2  WHEN B3 THEN V3  WHEN B4 THEN V4  WHEN B5 THEN V5  WHEN B6 THEN V6  WHEN B7 THEN V7  WHEN B8 THEN V8 END)
CREATE FUNCTION SWITCH(  B0 BOOLEAN ,V0 INTEGER ) RETURNS INTEGER  RETURN(CASE   WHEN B0 THEN V0 END)
CREATE FUNCTION SWITCH(  B0 BOOLEAN ,V0 INTEGER ,B1 BOOLEAN ,V1 INTEGER ) RETURNS INTEGER  RETURN(CASE   WHEN B0 THEN V0  WHEN B1 THEN V1 END)
CREATE FUNCTION SWITCH(  B0 BOOLEAN ,V0 INTEGER ,B1 BOOLEAN ,V1 INTEGER ,B2 BOOLEAN ,V2 INTEGER ) RETURNS INTEGER  RETURN(CASE   WHEN B0 THEN V0  WHEN B1 THEN V1  WHEN B2 THEN V2 END)
CREATE FUNCTION SWITCH(  B0 BOOLEAN ,V0 INTEGER ,B1 BOOLEAN ,V1 INTEGER ,B2 BOOLEAN ,V2 INTEGER ,B3 BOOLEAN ,V3 INTEGER ) RETURNS INTEGER  RETURN(CASE   WHEN B0 THEN V0  WHEN B1 THEN V1  WHEN B2 THEN V2  WHEN B3 THEN V3 END)
CREATE FUNCTION SWITCH(  B0 BOOLEAN ,V0 INTEGER ,B1 BOOLEAN ,V1 INTEGER ,B2 BOOLEAN ,V2 INTEGER ,B3 BOOLEAN ,V3 INTEGER ,B4 BOOLEAN ,V4 INTEGER ) RETURNS INTEGER  RETURN(CASE   WHEN B0 THEN V0  WHEN B1 THEN V1  WHEN B2 THEN V2  WHEN B3 THEN V3  WHEN B4 THEN V4 END)
CREATE FUNCTION SWITCH(  B0 BOOLEAN ,V0 INTEGER ,B1 BOOLEAN ,V1 INTEGER ,B2 BOOLEAN ,V2 INTEGER ,B3 BOOLEAN ,V3 INTEGER ,B4 BOOLEAN ,V4 INTEGER ,B5 BOOLEAN ,V5 INTEGER ) RETURNS INTEGER  RETURN(CASE   WHEN B0 THEN V0  WHEN B1 THEN V1  WHEN B2 THEN V2  WHEN B3 THEN V3  WHEN B4 THEN V4  WHEN B5 THEN V5 END)
CREATE FUNCTION SWITCH(  B0 BOOLEAN ,V0 INTEGER ,B1 BOOLEAN ,V1 INTEGER ,B2 BOOLEAN ,V2 INTEGER ,B3 BOOLEAN ,V3 INTEGER ,B4 BOOLEAN ,V4 INTEGER ,B5 BOOLEAN ,V5 INTEGER ,B6 BOOLEAN ,V6 INTEGER ) RETURNS INTEGER  RETURN(CASE   WHEN B0 THEN V0  WHEN B1 THEN V1  WHEN B2 THEN V2  WHEN B3 THEN V3  WHEN B4 THEN V4  WHEN B5 THEN V5  WHEN B6 THEN V6 END)
CREATE FUNCTION SWITCH(  B0 BOOLEAN ,V0 INTEGER ,B1 BOOLEAN ,V1 INTEGER ,B2 BOOLEAN ,V2 INTEGER ,B3 BOOLEAN ,V3 INTEGER ,B4 BOOLEAN ,V4 INTEGER ,B5 BOOLEAN ,V5 INTEGER ,B6 BOOLEAN ,V6 INTEGER ,B7 BOOLEAN ,V7 INTEGER ) RETURNS INTEGER  RETURN(CASE   WHEN B0 THEN V0  WHEN B1 THEN V1  WHEN B2 THEN V2  WHEN B3 THEN V3  WHEN B4 THEN V4  WHEN B5 THEN V5  WHEN B6 THEN V6  WHEN B7 THEN V7 END)
CREATE FUNCTION SWITCH(  B0 BOOLEAN ,V0 INTEGER ,B1 BOOLEAN ,V1 INTEGER ,B2 BOOLEAN ,V2 INTEGER ,B3 BOOLEAN ,V3 INTEGER ,B4 BOOLEAN ,V4 INTEGER ,B5 BOOLEAN ,V5 INTEGER ,B6 BOOLEAN ,V6 INTEGER ,B7 BOOLEAN ,V7 INTEGER ,B8 BOOLEAN ,V8 INTEGER ) RETURNS INTEGER  RETURN(CASE   WHEN B0 THEN V0  WHEN B1 THEN V1  WHEN B2 THEN V2  WHEN B3 THEN V3  WHEN B4 THEN V4  WHEN B5 THEN V5  WHEN B6 THEN V6  WHEN B7 THEN V7  WHEN B8 THEN V8 END)
CREATE FUNCTION SWITCH(  B0 BOOLEAN ,V0 DOUBLE ) RETURNS DOUBLE  RETURN(CASE   WHEN B0 THEN V0 END)
CREATE FUNCTION SWITCH(  B0 BOOLEAN ,V0 DOUBLE ,B1 BOOLEAN ,V1 DOUBLE ) RETURNS DOUBLE  RETURN(CASE   WHEN B0 THEN V0  WHEN B1 THEN V1 END)
CREATE FUNCTION SWITCH(  B0 BOOLEAN ,V0 DOUBLE ,B1 BOOLEAN ,V1 DOUBLE ,B2 BOOLEAN ,V2 DOUBLE ) RETURNS DOUBLE  RETURN(CASE   WHEN B0 THEN V0  WHEN B1 THEN V1  WHEN B2 THEN V2 END)
CREATE FUNCTION SWITCH(  B0 BOOLEAN ,V0 DOUBLE ,B1 BOOLEAN ,V1 DOUBLE ,B2 BOOLEAN ,V2 DOUBLE ,B3 BOOLEAN ,V3 DOUBLE ) RETURNS DOUBLE  RETURN(CASE   WHEN B0 THEN V0  WHEN B1 THEN V1  WHEN B2 THEN V2  WHEN B3 THEN V3 END)
CREATE FUNCTION SWITCH(  B0 BOOLEAN ,V0 DOUBLE ,B1 BOOLEAN ,V1 DOUBLE ,B2 BOOLEAN ,V2 DOUBLE ,B3 BOOLEAN ,V3 DOUBLE ,B4 BOOLEAN ,V4 DOUBLE ) RETURNS DOUBLE  RETURN(CASE   WHEN B0 THEN V0  WHEN B1 THEN V1  WHEN B2 THEN V2  WHEN B3 THEN V3  WHEN B4 THEN V4 END)
CREATE FUNCTION SWITCH(  B0 BOOLEAN ,V0 DOUBLE ,B1 BOOLEAN ,V1 DOUBLE ,B2 BOOLEAN ,V2 DOUBLE ,B3 BOOLEAN ,V3 DOUBLE ,B4 BOOLEAN ,V4 DOUBLE ,B5 BOOLEAN ,V5 DOUBLE ) RETURNS DOUBLE  RETURN(CASE   WHEN B0 THEN V0  WHEN B1 THEN V1  WHEN B2 THEN V2  WHEN B3 THEN V3  WHEN B4 THEN V4  WHEN B5 THEN V5 END)
CREATE FUNCTION SWITCH(  B0 BOOLEAN ,V0 DOUBLE ,B1 BOOLEAN ,V1 DOUBLE ,B2 BOOLEAN ,V2 DOUBLE ,B3 BOOLEAN ,V3 DOUBLE ,B4 BOOLEAN ,V4 DOUBLE ,B5 BOOLEAN ,V5 DOUBLE ,B6 BOOLEAN ,V6 DOUBLE ) RETURNS DOUBLE  RETURN(CASE   WHEN B0 THEN V0  WHEN B1 THEN V1  WHEN B2 THEN V2  WHEN B3 THEN V3  WHEN B4 THEN V4  WHEN B5 THEN V5  WHEN B6 THEN V6 END)
CREATE FUNCTION SWITCH(  B0 BOOLEAN ,V0 DOUBLE ,B1 BOOLEAN ,V1 DOUBLE ,B2 BOOLEAN ,V2 DOUBLE ,B3 BOOLEAN ,V3 DOUBLE ,B4 BOOLEAN ,V4 DOUBLE ,B5 BOOLEAN ,V5 DOUBLE ,B6 BOOLEAN ,V6 DOUBLE ,B7 BOOLEAN ,V7 DOUBLE ) RETURNS DOUBLE  RETURN(CASE   WHEN B0 THEN V0  WHEN B1 THEN V1  WHEN B2 THEN V2  WHEN B3 THEN V3  WHEN B4 THEN V4  WHEN B5 THEN V5  WHEN B6 THEN V6  WHEN B7 THEN V7 END)
CREATE FUNCTION SWITCH(  B0 BOOLEAN ,V0 DOUBLE ,B1 BOOLEAN ,V1 DOUBLE ,B2 BOOLEAN ,V2 DOUBLE ,B3 BOOLEAN ,V3 DOUBLE ,B4 BOOLEAN ,V4 DOUBLE ,B5 BOOLEAN ,V5 DOUBLE ,B6 BOOLEAN ,V6 DOUBLE ,B7 BOOLEAN ,V7 DOUBLE ,B8 BOOLEAN ,V8 DOUBLE ) RETURNS DOUBLE  RETURN(CASE   WHEN B0 THEN V0  WHEN B1 THEN V1  WHEN B2 THEN V2  WHEN B3 THEN V3  WHEN B4 THEN V4  WHEN B5 THEN V5  WHEN B6 THEN V6  WHEN B7 THEN V7  WHEN B8 THEN V8 END)
CREATE FUNCTION SWITCH(  B0 BOOLEAN ,V0 DECIMAL(100,4) ) RETURNS DECIMAL(100,4)  RETURN(CASE   WHEN B0 THEN V0 END)
CREATE FUNCTION SWITCH(  B0 BOOLEAN ,V0 DECIMAL(100,4) ,B1 BOOLEAN ,V1 DECIMAL(100,4) ) RETURNS DECIMAL(100,4)  RETURN(CASE   WHEN B0 THEN V0  WHEN B1 THEN V1 END)
CREATE FUNCTION SWITCH(  B0 BOOLEAN ,V0 DECIMAL(100,4) ,B1 BOOLEAN ,V1 DECIMAL(100,4) ,B2 BOOLEAN ,V2 DECIMAL(100,4) ) RETURNS DECIMAL(100,4)  RETURN(CASE   WHEN B0 THEN V0  WHEN B1 THEN V1  WHEN B2 THEN V2 END)
CREATE FUNCTION SWITCH(  B0 BOOLEAN ,V0 DECIMAL(100,4) ,B1 BOOLEAN ,V1 DECIMAL(100,4) ,B2 BOOLEAN ,V2 DECIMAL(100,4) ,B3 BOOLEAN ,V3 DECIMAL(100,4) ) RETURNS DECIMAL(100,4)  RETURN(CASE   WHEN B0 THEN V0  WHEN B1 THEN V1  WHEN B2 THEN V2  WHEN B3 THEN V3 END)
CREATE FUNCTION SWITCH(  B0 BOOLEAN ,V0 DECIMAL(100,4) ,B1 BOOLEAN ,V1 DECIMAL(100,4) ,B2 BOOLEAN ,V2 DECIMAL(100,4) ,B3 BOOLEAN ,V3 DECIMAL(100,4) ,B4 BOOLEAN ,V4 DECIMAL(100,4) ) RETURNS DECIMAL(100,4)  RETURN(CASE   WHEN B0 THEN V0  WHEN B1 THEN V1  WHEN B2 THEN V2  WHEN B3 THEN V3  WHEN B4 THEN V4 END)
CREATE FUNCTION SWITCH(  B0 BOOLEAN ,V0 DECIMAL(100,4) ,B1 BOOLEAN ,V1 DECIMAL(100,4) ,B2 BOOLEAN ,V2 DECIMAL(100,4) ,B3 BOOLEAN ,V3 DECIMAL(100,4) ,B4 BOOLEAN ,V4 DECIMAL(100,4) ,B5 BOOLEAN ,V5 DECIMAL(100,4) ) RETURNS DECIMAL(100,4)  RETURN(CASE   WHEN B0 THEN V0  WHEN B1 THEN V1  WHEN B2 THEN V2  WHEN B3 THEN V3  WHEN B4 THEN V4  WHEN B5 THEN V5 END)
CREATE FUNCTION SWITCH(  B0 BOOLEAN ,V0 DECIMAL(100,4) ,B1 BOOLEAN ,V1 DECIMAL(100,4) ,B2 BOOLEAN ,V2 DECIMAL(100,4) ,B3 BOOLEAN ,V3 DECIMAL(100,4) ,B4 BOOLEAN ,V4 DECIMAL(100,4) ,B5 BOOLEAN ,V5 DECIMAL(100,4) ,B6 BOOLEAN ,V6 DECIMAL(100,4) ) RETURNS DECIMAL(100,4)  RETURN(CASE   WHEN B0 THEN V0  WHEN B1 THEN V1  WHEN B2 THEN V2  WHEN B3 THEN V3  WHEN B4 THEN V4  WHEN B5 THEN V5  WHEN B6 THEN V6 END)
CREATE FUNCTION SWITCH(  B0 BOOLEAN ,V0 DECIMAL(100,4) ,B1 BOOLEAN ,V1 DECIMAL(100,4) ,B2 BOOLEAN ,V2 DECIMAL(100,4) ,B3 BOOLEAN ,V3 DECIMAL(100,4) ,B4 BOOLEAN ,V4 DECIMAL(100,4) ,B5 BOOLEAN ,V5 DECIMAL(100,4) ,B6 BOOLEAN ,V6 DECIMAL(100,4) ,B7 BOOLEAN ,V7 DECIMAL(100,4) ) RETURNS DECIMAL(100,4)  RETURN(CASE   WHEN B0 THEN V0  WHEN B1 THEN V1  WHEN B2 THEN V2  WHEN B3 THEN V3  WHEN B4 THEN V4  WHEN B5 THEN V5  WHEN B6 THEN V6  WHEN B7 THEN V7 END)
CREATE FUNCTION SWITCH(  B0 BOOLEAN ,V0 DECIMAL(100,4) ,B1 BOOLEAN ,V1 DECIMAL(100,4) ,B2 BOOLEAN ,V2 DECIMAL(100,4) ,B3 BOOLEAN ,V3 DECIMAL(100,4) ,B4 BOOLEAN ,V4 DECIMAL(100,4) ,B5 BOOLEAN ,V5 DECIMAL(100,4) ,B6 BOOLEAN ,V6 DECIMAL(100,4) ,B7 BOOLEAN ,V7 DECIMAL(100,4) ,B8 BOOLEAN ,V8 DECIMAL(100,4) ) RETURNS DECIMAL(100,4)  RETURN(CASE   WHEN B0 THEN V0  WHEN B1 THEN V1  WHEN B2 THEN V2  WHEN B3 THEN V3  WHEN B4 THEN V4  WHEN B5 THEN V5  WHEN B6 THEN V6  WHEN B7 THEN V7  WHEN B8 THEN V8 END)
CREATE FUNCTION SWITCH(  B0 BOOLEAN ,V0 NUMERIC ) RETURNS NUMERIC  RETURN(CASE   WHEN B0 THEN V0 END)
CREATE FUNCTION SWITCH(  B0 BOOLEAN ,V0 NUMERIC ,B1 BOOLEAN ,V1 NUMERIC ) RETURNS NUMERIC  RETURN(CASE   WHEN B0 THEN V0  WHEN B1 THEN V1 END)
CREATE FUNCTION SWITCH(  B0 BOOLEAN ,V0 NUMERIC ,B1 BOOLEAN ,V1 NUMERIC ,B2 BOOLEAN ,V2 NUMERIC ) RETURNS NUMERIC  RETURN(CASE   WHEN B0 THEN V0  WHEN B1 THEN V1  WHEN B2 THEN V2 END)
CREATE FUNCTION SWITCH(  B0 BOOLEAN ,V0 NUMERIC ,B1 BOOLEAN ,V1 NUMERIC ,B2 BOOLEAN ,V2 NUMERIC ,B3 BOOLEAN ,V3 NUMERIC ) RETURNS NUMERIC  RETURN(CASE   WHEN B0 THEN V0  WHEN B1 THEN V1  WHEN B2 THEN V2  WHEN B3 THEN V3 END)
CREATE FUNCTION SWITCH(  B0 BOOLEAN ,V0 NUMERIC ,B1 BOOLEAN ,V1 NUMERIC ,B2 BOOLEAN ,V2 NUMERIC ,B3 BOOLEAN ,V3 NUMERIC ,B4 BOOLEAN ,V4 NUMERIC ) RETURNS NUMERIC  RETURN(CASE   WHEN B0 THEN V0  WHEN B1 THEN V1  WHEN B2 THEN V2  WHEN B3 THEN V3  WHEN B4 THEN V4 END)
CREATE FUNCTION SWITCH(  B0 BOOLEAN ,V0 NUMERIC ,B1 BOOLEAN ,V1 NUMERIC ,B2 BOOLEAN ,V2 NUMERIC ,B3 BOOLEAN ,V3 NUMERIC ,B4 BOOLEAN ,V4 NUMERIC ,B5 BOOLEAN ,V5 NUMERIC ) RETURNS NUMERIC  RETURN(CASE   WHEN B0 THEN V0  WHEN B1 THEN V1  WHEN B2 THEN V2  WHEN B3 THEN V3  WHEN B4 THEN V4  WHEN B5 THEN V5 END)
CREATE FUNCTION SWITCH(  B0 BOOLEAN ,V0 NUMERIC ,B1 BOOLEAN ,V1 NUMERIC ,B2 BOOLEAN ,V2 NUMERIC ,B3 BOOLEAN ,V3 NUMERIC ,B4 BOOLEAN ,V4 NUMERIC ,B5 BOOLEAN ,V5 NUMERIC ,B6 BOOLEAN ,V6 NUMERIC ) RETURNS NUMERIC  RETURN(CASE   WHEN B0 THEN V0  WHEN B1 THEN V1  WHEN B2 THEN V2  WHEN B3 THEN V3  WHEN B4 THEN V4  WHEN B5 THEN V5  WHEN B6 THEN V6 END)
CREATE FUNCTION SWITCH(  B0 BOOLEAN ,V0 NUMERIC ,B1 BOOLEAN ,V1 NUMERIC ,B2 BOOLEAN ,V2 NUMERIC ,B3 BOOLEAN ,V3 NUMERIC ,B4 BOOLEAN ,V4 NUMERIC ,B5 BOOLEAN ,V5 NUMERIC ,B6 BOOLEAN ,V6 NUMERIC ,B7 BOOLEAN ,V7 NUMERIC ) RETURNS NUMERIC  RETURN(CASE   WHEN B0 THEN V0  WHEN B1 THEN V1  WHEN B2 THEN V2  WHEN B3 THEN V3  WHEN B4 THEN V4  WHEN B5 THEN V5  WHEN B6 THEN V6  WHEN B7 THEN V7 END)
CREATE FUNCTION SWITCH(  B0 BOOLEAN ,V0 NUMERIC ,B1 BOOLEAN ,V1 NUMERIC ,B2 BOOLEAN ,V2 NUMERIC ,B3 BOOLEAN ,V3 NUMERIC ,B4 BOOLEAN ,V4 NUMERIC ,B5 BOOLEAN ,V5 NUMERIC ,B6 BOOLEAN ,V6 NUMERIC ,B7 BOOLEAN ,V7 NUMERIC ,B8 BOOLEAN ,V8 NUMERIC ) RETURNS NUMERIC  RETURN(CASE   WHEN B0 THEN V0  WHEN B1 THEN V1  WHEN B2 THEN V2  WHEN B3 THEN V3  WHEN B4 THEN V4  WHEN B5 THEN V5  WHEN B6 THEN V6  WHEN B7 THEN V7  WHEN B8 THEN V8 END)
CREATE FUNCTION SWITCH(  B0 BOOLEAN ,V0 OBJECT ) RETURNS OBJECT  RETURN(CASE   WHEN B0 THEN V0 END)
CREATE FUNCTION SWITCH(  B0 BOOLEAN ,V0 OBJECT ,B1 BOOLEAN ,V1 OBJECT ) RETURNS OBJECT  RETURN(CASE   WHEN B0 THEN V0  WHEN B1 THEN V1 END)
CREATE FUNCTION SWITCH(  B0 BOOLEAN ,V0 OBJECT ,B1 BOOLEAN ,V1 OBJECT ,B2 BOOLEAN ,V2 OBJECT ) RETURNS OBJECT  RETURN(CASE   WHEN B0 THEN V0  WHEN B1 THEN V1  WHEN B2 THEN V2 END)
CREATE FUNCTION SWITCH(  B0 BOOLEAN ,V0 OBJECT ,B1 BOOLEAN ,V1 OBJECT ,B2 BOOLEAN ,V2 OBJECT ,B3 BOOLEAN ,V3 OBJECT ) RETURNS OBJECT  RETURN(CASE   WHEN B0 THEN V0  WHEN B1 THEN V1  WHEN B2 THEN V2  WHEN B3 THEN V3 END)
CREATE FUNCTION SWITCH(  B0 BOOLEAN ,V0 OBJECT ,B1 BOOLEAN ,V1 OBJECT ,B2 BOOLEAN ,V2 OBJECT ,B3 BOOLEAN ,V3 OBJECT ,B4 BOOLEAN ,V4 OBJECT ) RETURNS OBJECT  RETURN(CASE   WHEN B0 THEN V0  WHEN B1 THEN V1  WHEN B2 THEN V2  WHEN B3 THEN V3  WHEN B4 THEN V4 END)
CREATE FUNCTION SWITCH(  B0 BOOLEAN ,V0 OBJECT ,B1 BOOLEAN ,V1 OBJECT ,B2 BOOLEAN ,V2 OBJECT ,B3 BOOLEAN ,V3 OBJECT ,B4 BOOLEAN ,V4 OBJECT ,B5 BOOLEAN ,V5 OBJECT ) RETURNS OBJECT  RETURN(CASE   WHEN B0 THEN V0  WHEN B1 THEN V1  WHEN B2 THEN V2  WHEN B3 THEN V3  WHEN B4 THEN V4  WHEN B5 THEN V5 END)
CREATE FUNCTION SWITCH(  B0 BOOLEAN ,V0 OBJECT ,B1 BOOLEAN ,V1 OBJECT ,B2 BOOLEAN ,V2 OBJECT ,B3 BOOLEAN ,V3 OBJECT ,B4 BOOLEAN ,V4 OBJECT ,B5 BOOLEAN ,V5 OBJECT ,B6 BOOLEAN ,V6 OBJECT ) RETURNS OBJECT  RETURN(CASE   WHEN B0 THEN V0  WHEN B1 THEN V1  WHEN B2 THEN V2  WHEN B3 THEN V3  WHEN B4 THEN V4  WHEN B5 THEN V5  WHEN B6 THEN V6 END)
CREATE FUNCTION SWITCH(  B0 BOOLEAN ,V0 OBJECT ,B1 BOOLEAN ,V1 OBJECT ,B2 BOOLEAN ,V2 OBJECT ,B3 BOOLEAN ,V3 OBJECT ,B4 BOOLEAN ,V4 OBJECT ,B5 BOOLEAN ,V5 OBJECT ,B6 BOOLEAN ,V6 OBJECT ,B7 BOOLEAN ,V7 OBJECT ) RETURNS OBJECT  RETURN(CASE   WHEN B0 THEN V0  WHEN B1 THEN V1  WHEN B2 THEN V2  WHEN B3 THEN V3  WHEN B4 THEN V4  WHEN B5 THEN V5  WHEN B6 THEN V6  WHEN B7 THEN V7 END)
CREATE FUNCTION SWITCH(  B0 BOOLEAN ,V0 OBJECT ,B1 BOOLEAN ,V1 OBJECT ,B2 BOOLEAN ,V2 OBJECT ,B3 BOOLEAN ,V3 OBJECT ,B4 BOOLEAN ,V4 OBJECT ,B5 BOOLEAN ,V5 OBJECT ,B6 BOOLEAN ,V6 OBJECT ,B7 BOOLEAN ,V7 OBJECT ,B8 BOOLEAN ,V8 OBJECT ) RETURNS OBJECT  RETURN(CASE   WHEN B0 THEN V0  WHEN B1 THEN V1  WHEN B2 THEN V2  WHEN B3 THEN V3  WHEN B4 THEN V4  WHEN B5 THEN V5  WHEN B6 THEN V6  WHEN B7 THEN V7  WHEN B8 THEN V8 END)
CREATE FUNCTION SWITCH(  B0 BOOLEAN ,V0 LONGVARCHAR ) RETURNS LONGVARCHAR  RETURN(CASE   WHEN B0 THEN V0 END)
CREATE FUNCTION SWITCH(  B0 BOOLEAN ,V0 LONGVARCHAR ,B1 BOOLEAN ,V1 LONGVARCHAR ) RETURNS LONGVARCHAR  RETURN(CASE   WHEN B0 THEN V0  WHEN B1 THEN V1 END)
CREATE FUNCTION SWITCH(  B0 BOOLEAN ,V0 LONGVARCHAR ,B1 BOOLEAN ,V1 LONGVARCHAR ,B2 BOOLEAN ,V2 LONGVARCHAR ) RETURNS LONGVARCHAR  RETURN(CASE   WHEN B0 THEN V0  WHEN B1 THEN V1  WHEN B2 THEN V2 END)
CREATE FUNCTION SWITCH(  B0 BOOLEAN ,V0 LONGVARCHAR ,B1 BOOLEAN ,V1 LONGVARCHAR ,B2 BOOLEAN ,V2 LONGVARCHAR ,B3 BOOLEAN ,V3 LONGVARCHAR ) RETURNS LONGVARCHAR  RETURN(CASE   WHEN B0 THEN V0  WHEN B1 THEN V1  WHEN B2 THEN V2  WHEN B3 THEN V3 END)
CREATE FUNCTION SWITCH(  B0 BOOLEAN ,V0 LONGVARCHAR ,B1 BOOLEAN ,V1 LONGVARCHAR ,B2 BOOLEAN ,V2 LONGVARCHAR ,B3 BOOLEAN ,V3 LONGVARCHAR ,B4 BOOLEAN ,V4 LONGVARCHAR ) RETURNS LONGVARCHAR  RETURN(CASE   WHEN B0 THEN V0  WHEN B1 THEN V1  WHEN B2 THEN V2  WHEN B3 THEN V3  WHEN B4 THEN V4 END)
CREATE FUNCTION SWITCH(  B0 BOOLEAN ,V0 LONGVARCHAR ,B1 BOOLEAN ,V1 LONGVARCHAR ,B2 BOOLEAN ,V2 LONGVARCHAR ,B3 BOOLEAN ,V3 LONGVARCHAR ,B4 BOOLEAN ,V4 LONGVARCHAR ,B5 BOOLEAN ,V5 LONGVARCHAR ) RETURNS LONGVARCHAR  RETURN(CASE   WHEN B0 THEN V0  WHEN B1 THEN V1  WHEN B2 THEN V2  WHEN B3 THEN V3  WHEN B4 THEN V4  WHEN B5 THEN V5 END)
CREATE FUNCTION SWITCH(  B0 BOOLEAN ,V0 LONGVARCHAR ,B1 BOOLEAN ,V1 LONGVARCHAR ,B2 BOOLEAN ,V2 LONGVARCHAR ,B3 BOOLEAN ,V3 LONGVARCHAR ,B4 BOOLEAN ,V4 LONGVARCHAR ,B5 BOOLEAN ,V5 LONGVARCHAR ,B6 BOOLEAN ,V6 LONGVARCHAR ) RETURNS LONGVARCHAR  RETURN(CASE   WHEN B0 THEN V0  WHEN B1 THEN V1  WHEN B2 THEN V2  WHEN B3 THEN V3  WHEN B4 THEN V4  WHEN B5 THEN V5  WHEN B6 THEN V6 END)
CREATE FUNCTION SWITCH(  B0 BOOLEAN ,V0 LONGVARCHAR ,B1 BOOLEAN ,V1 LONGVARCHAR ,B2 BOOLEAN ,V2 LONGVARCHAR ,B3 BOOLEAN ,V3 LONGVARCHAR ,B4 BOOLEAN ,V4 LONGVARCHAR ,B5 BOOLEAN ,V5 LONGVARCHAR ,B6 BOOLEAN ,V6 LONGVARCHAR ,B7 BOOLEAN ,V7 LONGVARCHAR ) RETURNS LONGVARCHAR  RETURN(CASE   WHEN B0 THEN V0  WHEN B1 THEN V1  WHEN B2 THEN V2  WHEN B3 THEN V3  WHEN B4 THEN V4  WHEN B5 THEN V5  WHEN B6 THEN V6  WHEN B7 THEN V7 END)
CREATE FUNCTION SWITCH(  B0 BOOLEAN ,V0 LONGVARCHAR ,B1 BOOLEAN ,V1 LONGVARCHAR ,B2 BOOLEAN ,V2 LONGVARCHAR ,B3 BOOLEAN ,V3 LONGVARCHAR ,B4 BOOLEAN ,V4 LONGVARCHAR ,B5 BOOLEAN ,V5 LONGVARCHAR ,B6 BOOLEAN ,V6 LONGVARCHAR ,B7 BOOLEAN ,V7 LONGVARCHAR ,B8 BOOLEAN ,V8 LONGVARCHAR ) RETURNS LONGVARCHAR  RETURN(CASE   WHEN B0 THEN V0  WHEN B1 THEN V1  WHEN B2 THEN V2  WHEN B3 THEN V3  WHEN B4 THEN V4  WHEN B5 THEN V5  WHEN B6 THEN V6  WHEN B7 THEN V7  WHEN B8 THEN V8 END)
CREATE AGGREGATE FUNCTION first(IN val DECIMAL(100,10), IN flag BOOLEAN, INOUT register  DECIMAL(100,10), INOUT counter INT)   RETURNS  DECIMAL(100,10)  NO SQL  LANGUAGE JAVA   EXTERNAL NAME 'CLASSPATH:net.ucanaccess.converters.FunctionsAggregate.first'
CREATE AGGREGATE FUNCTION first(IN val LONGVARCHAR, IN flag BOOLEAN, INOUT register  LONGVARCHAR, INOUT counter INT)   RETURNS  LONGVARCHAR  NO SQL  LANGUAGE JAVA   EXTERNAL NAME 'CLASSPATH:net.ucanaccess.converters.FunctionsAggregate.first'
CREATE AGGREGATE FUNCTION first(IN val BOOLEAN, IN flag BOOLEAN, INOUT register  BOOLEAN, INOUT counter INT)   RETURNS  BOOLEAN  NO SQL  LANGUAGE JAVA   EXTERNAL NAME 'CLASSPATH:net.ucanaccess.converters.FunctionsAggregate.first'
CREATE AGGREGATE FUNCTION last(IN val LONGVARCHAR, IN flag BOOLEAN, INOUT register  LONGVARCHAR, INOUT counter INT)   RETURNS  LONGVARCHAR  NO SQL  LANGUAGE JAVA   EXTERNAL NAME 'CLASSPATH:net.ucanaccess.converters.FunctionsAggregate.last'
CREATE AGGREGATE FUNCTION First(IN val TIMESTAMP, IN flag boolean, INOUT ts TIMESTAMP , INOUT counter INT) RETURNS TIMESTAMP CONTAINS SQL BEGIN ATOMIC IF flag THEN RETURN ts; ELSE IF counter IS NULL THEN SET counter = 0; END IF; SET counter = counter + 1;  IF counter = 1 THEN   SET ts = val; END IF; RETURN NULL; END IF; END 
CREATE AGGREGATE FUNCTION last(IN val TIMESTAMP, IN flag boolean, INOUT ts TIMESTAMP, INOUT counter INT) RETURNS TIMESTAMP CONTAINS SQL BEGIN ATOMIC IF flag THEN RETURN ts; ELSE IF counter IS NULL THEN SET counter = 0; END IF; SET counter = counter + 1; SET ts = val;RETURN NULL; END IF; END 
CREATE AGGREGATE FUNCTION last(IN val BOOLEAN, IN flag BOOLEAN, INOUT register  BOOLEAN, INOUT counter INT)   RETURNS  BOOLEAN  NO SQL  LANGUAGE JAVA   EXTERNAL NAME 'CLASSPATH:net.ucanaccess.converters.FunctionsAggregate.last'
CREATE AGGREGATE FUNCTION last(IN val DECIMAL(100,10), IN flag BOOLEAN, INOUT register  DECIMAL(100,10), INOUT counter INT)   RETURNS  DECIMAL(100,10)  NO SQL  LANGUAGE JAVA   EXTERNAL NAME 'CLASSPATH:net.ucanaccess.converters.FunctionsAggregate.last'
CREATE SCHEMA UCA_METADATA AUTHORIZATION DBA
CREATE MEMORY TABLE   UCA_METADATA.PROP(NAME LONGVARCHAR PRIMARY KEY, MAX_LEN INTEGER,DEFAULT_VALUE VARCHAR(20),DESCRIPTION LONGVARCHAR) 
CREATE  TABLE UCA_METADATA.TABLES(TABLE_ID INTEGER IDENTITY, TABLE_NAME LONGVARCHAR,ESCAPED_TABLE_NAME LONGVARCHAR, TYPE VARCHAR(5),UNIQUE(TABLE_NAME)) 
CREATE MEMORY TABLE    \u0009\u0009\u0009\u0009UCA_METADATA.COLUMNS(COLUMN_ID INTEGER IDENTITY, COLUMN_NAME LONGVARCHAR,ESCAPED_COLUMN_NAME LONGVARCHAR, \u0009\u0009\u0009\u0009ORIGINAL_TYPE VARCHAR(20),COLUMN_DEF  LONGVARCHAR,IS_GENERATEDCOLUMN VARCHAR(3),TABLE_ID INTEGER, UNIQUE(TABLE_ID,COLUMN_NAME) )
ALTER TABLE UCA_METADATA.COLUMNS   ADD CONSTRAINT UCA_METADATA_FK FOREIGN KEY (TABLE_ID) REFERENCES UCA_METADATA.TABLES (TABLE_ID) ON DELETE CASCADE
CREATE VIEW   UCA_METADATA.COLUMNS_VIEW as SELECT t.TABLE_NAME, c.COLUMN_NAME,t.ESCAPED_TABLE_NAME, c.ESCAPED_COLUMN_NAME,c.COLUMN_DEF,c.IS_GENERATEDCOLUMN,CASE WHEN(c.ORIGINAL_TYPE \u0009IN ('COUNTER' ,'GUID')) THEN 'YES' ELSE 'NO' END as IS_AUTOINCREMENT,c.ORIGINAL_TYPE FROM UCA_METADATA.COLUMNS c INNER JOIN UCA_METADATA.TABLES t ON (t.TABLE_ID=c.TABLE_ID)
SET SCHEMA UCA_METADATA
INSERT INTO PROP VALUES('newdatabaseversion',8,NULL,'see ucanaccess website')
INSERT INTO PROP VALUES('jackcessopener',500,NULL,'see ucanaccess web site')
INSERT INTO PROP VALUES('password',500,NULL,'see ucanaccess web site')
INSERT INTO PROP VALUES('memory',10,'true','see ucanaccess web site')
INSERT INTO PROP VALUES('lobscale',2,'2','see ucanaccess web site')
INSERT INTO PROP VALUES('keepmirror',500,'2','see ucanaccess web site')
INSERT INTO PROP VALUES('showschema',10,'false','see ucanaccess web site')
INSERT INTO PROP VALUES('inactivitytimeout',10,'2','see ucanaccess web site')
INSERT INTO PROP VALUES('singleconnection',10,'false','see ucanaccess web site')
INSERT INTO PROP VALUES('immediatelyreleaseresources',10,'false','see ucanaccess web site')
INSERT INTO PROP VALUES('lockmdb',10,'false','see ucanaccess web site')
INSERT INTO PROP VALUES('openexclusive',500,'false','see ucanaccess web site')
INSERT INTO PROP VALUES('remap',500,NULL,'see ucanaccess web site')
INSERT INTO PROP VALUES('columnorder',10,'data','see ucanaccess web site')
INSERT INTO PROP VALUES('mirrorfolder',500,NULL,'see ucanaccess web site')
INSERT INTO PROP VALUES('ignorecase',10,'true','see ucanaccess web site')
INSERT INTO PROP VALUES('sysschema',10,'false','see ucanaccess web site')
INSERT INTO PROP VALUES('skipindexes',10,'false','see ucanaccess web site')
INSERT INTO PROP VALUES('preventreloading',10,'false','see ucanaccess web site')
INSERT INTO PROP VALUES('concatnulls',10,'false','see ucanaccess web site')
INSERT INTO TABLES VALUES(0,'Bike','BIKE','TABLE')
INSERT INTO COLUMNS VALUES(0,'BikeID','BIKEID','COUNTER',NULL,'NO',0)
INSERT INTO COLUMNS VALUES(1,'MemberID','MEMBERID','LONG',NULL,'NO',0)
INSERT INTO COLUMNS VALUES(2,'Weight','WEIGHT','FLOAT',NULL,'NO',0)
INSERT INTO COLUMNS VALUES(3,'Type','TYPE','TEXT',NULL,'NO',0)
INSERT INTO COLUMNS VALUES(4,'Length','LENGTH','FLOAT',NULL,'NO',0)
COMMIT
SET SCHEMA PUBLIC
CREATE  CACHED TABLE "BIKE"("BIKEID" INTEGER,"MEMBERID" INTEGER NOT NULL ,"WEIGHT" NUMERIC(100,7),"TYPE" VARCHAR(50),"LENGTH" NUMERIC(100,7), check (3.4028235E+38>="WEIGHT" AND -3.4028235E+38<="WEIGHT"), check (3.4028235E+38>="LENGTH" AND -3.4028235E+38<="LENGTH"))
SET SCHEMA UCA_METADATA
INSERT INTO TABLES VALUES(1,'Category','CATEGORY','TABLE')
INSERT INTO COLUMNS VALUES(5,'CategoryID','CATEGORYID','COUNTER',NULL,'NO',1)
INSERT INTO COLUMNS VALUES(6,'Type','TYPE','TEXT',NULL,'NO',1)
COMMIT
SET SCHEMA PUBLIC
CREATE  CACHED TABLE "CATEGORY"("CATEGORYID" INTEGER,"TYPE" VARCHAR(100) NOT NULL )
SET SCHEMA UCA_METADATA
INSERT INTO TABLES VALUES(2,'Inscription','INSCRIPTION','TABLE')
INSERT INTO COLUMNS VALUES(7,'InscriptionID','INSCRIPTIONID','COUNTER',NULL,'NO',2)
INSERT INTO COLUMNS VALUES(8,'RideID','RIDEID','LONG',NULL,'NO',2)
INSERT INTO COLUMNS VALUES(9,'IsPassenger','ISPASSENGER','BOOLEAN',NULL,'NO',2)
INSERT INTO COLUMNS VALUES(10,'IsDriver','ISDRIVER','BOOLEAN',NULL,'NO',2)
INSERT INTO COLUMNS VALUES(11,'MemberID','MEMBERID','LONG',NULL,'NO',2)
INSERT INTO COLUMNS VALUES(12,'VehicleID','VEHICLEID','LONG',NULL,'NO',2)
INSERT INTO COLUMNS VALUES(13,'NeedsBikeTransport','NEEDSBIKETRANSPORT','BOOLEAN',NULL,'NO',2)
COMMIT
SET SCHEMA PUBLIC
CREATE  CACHED TABLE "INSCRIPTION"("INSCRIPTIONID" INTEGER,"RIDEID" INTEGER,"ISPASSENGER" BOOLEAN,"ISDRIVER" BOOLEAN,"MEMBERID" INTEGER,"VEHICLEID" INTEGER,"NEEDSBIKETRANSPORT" BOOLEAN)
SET SCHEMA UCA_METADATA
INSERT INTO TABLES VALUES(3,'Manager','MANAGER','TABLE')
INSERT INTO COLUMNS VALUES(14,'ManagerID','MANAGERID','LONG',NULL,'NO',3)
INSERT INTO COLUMNS VALUES(15,'CategoryID','CATEGORYID','LONG',NULL,'NO',3)
INSERT INTO COLUMNS VALUES(16,'PersonID','PERSONID','LONG',NULL,'NO',3)
COMMIT
SET SCHEMA PUBLIC
CREATE  CACHED TABLE "MANAGER"("MANAGERID" INTEGER NOT NULL ,"CATEGORYID" INTEGER,"PERSONID" INTEGER)
SET SCHEMA UCA_METADATA
INSERT INTO TABLES VALUES(4,'Member','MEMBER','TABLE')
INSERT INTO COLUMNS VALUES(17,'MemberID','MEMBERID','COUNTER',NULL,'NO',4)
INSERT INTO COLUMNS VALUES(18,'PersonID','PERSONID','LONG',NULL,'NO',4)
INSERT INTO COLUMNS VALUES(19,'Balance','BALANCE','LONG',NULL,'NO',4)
INSERT INTO COLUMNS VALUES(20,'MembershipPaid','MEMBERSHIPPAID','BOOLEAN',NULL,'NO',4)
COMMIT
SET SCHEMA PUBLIC
CREATE  CACHED TABLE "MEMBER"("MEMBERID" INTEGER,"PERSONID" INTEGER,"BALANCE" INTEGER,"MEMBERSHIPPAID" BOOLEAN)
SET SCHEMA UCA_METADATA
INSERT INTO TABLES VALUES(5,'Member_Category','MEMBER_CATEGORY','TABLE')
INSERT INTO COLUMNS VALUES(21,'MemberID','MEMBERID','LONG',NULL,'NO',5)
INSERT INTO COLUMNS VALUES(22,'CategoryID','CATEGORYID','LONG',NULL,'NO',5)
COMMIT
SET SCHEMA PUBLIC
CREATE  CACHED TABLE "MEMBER_CATEGORY"("MEMBERID" INTEGER,"CATEGORYID" INTEGER)
SET SCHEMA UCA_METADATA
INSERT INTO TABLES VALUES(6,'Person','PERSON','TABLE')
INSERT INTO COLUMNS VALUES(23,'PersonID','PERSONID','COUNTER',NULL,'NO',6)
INSERT INTO COLUMNS VALUES(24,'FirstName','FIRSTNAME','TEXT',NULL,'NO',6)
INSERT INTO COLUMNS VALUES(25,'LastName','LASTNAME','TEXT',NULL,'NO',6)
INSERT INTO COLUMNS VALUES(26,'Phone','PHONE','TEXT',NULL,'NO',6)
INSERT INTO COLUMNS VALUES(27,'Password','PASSWORD','TEXT',NULL,'NO',6)
INSERT INTO COLUMNS VALUES(28,'Email','EMAIL','TEXT',NULL,'NO',6)
COMMIT
SET SCHEMA PUBLIC
CREATE  CACHED TABLE "PERSON"("PERSONID" INTEGER,"FIRSTNAME" VARCHAR(50) NOT NULL ,"LASTNAME" VARCHAR(50) NOT NULL ,"PHONE" VARCHAR(20),"PASSWORD" VARCHAR(255),"EMAIL" VARCHAR(255))
SET SCHEMA UCA_METADATA
INSERT INTO TABLES VALUES(7,'Ride','RIDE','TABLE')
INSERT INTO COLUMNS VALUES(29,'RideID','RIDEID','COUNTER',NULL,'NO',7)
INSERT INTO COLUMNS VALUES(30,'StartPlace','STARTPLACE','TEXT',NULL,'NO',7)
INSERT INTO COLUMNS VALUES(31,'StartDate','STARTDATE','SHORT_DATE_TIME',NULL,'NO',7)
INSERT INTO COLUMNS VALUES(32,'Fee','FEE','LONG',NULL,'NO',7)
INSERT INTO COLUMNS VALUES(33,'CategoryID','CATEGORYID','LONG',NULL,'NO',7)
COMMIT
SET SCHEMA PUBLIC
CREATE  CACHED TABLE "RIDE"("RIDEID" INTEGER,"STARTPLACE" VARCHAR(100),"STARTDATE" TIMESTAMP,"FEE" INTEGER,"CATEGORYID" INTEGER)
SET SCHEMA UCA_METADATA
INSERT INTO TABLES VALUES(8,'Treasurer','TREASURER','TABLE')
INSERT INTO COLUMNS VALUES(34,'PersonID','PERSONID','LONG',NULL,'NO',8)
COMMIT
SET SCHEMA PUBLIC
CREATE  CACHED TABLE "TREASURER"("PERSONID" INTEGER)
SET SCHEMA UCA_METADATA
INSERT INTO TABLES VALUES(9,'Vehicle','VEHICLE','TABLE')
INSERT INTO COLUMNS VALUES(35,'VehicleID','VEHICLEID','COUNTER',NULL,'NO',9)
INSERT INTO COLUMNS VALUES(36,'DriverID','DRIVERID','LONG',NULL,'NO',9)
INSERT INTO COLUMNS VALUES(37,'SeatNumber','SEATNUMBER','LONG',NULL,'NO',9)
INSERT INTO COLUMNS VALUES(38,'BikeSpotNumber','BIKESPOTNUMBER','LONG',NULL,'NO',9)
COMMIT
SET SCHEMA PUBLIC
CREATE  CACHED TABLE "VEHICLE"("VEHICLEID" INTEGER,"DRIVERID" INTEGER,"SEATNUMBER" INTEGER,"BIKESPOTNUMBER" INTEGER)
ALTER TABLE "BIKE" ADD PRIMARY KEY  ("BIKEID") 
ALTER TABLE "CATEGORY" ADD PRIMARY KEY  ("CATEGORYID") 
ALTER TABLE "INSCRIPTION" ADD PRIMARY KEY  ("INSCRIPTIONID") 
ALTER TABLE "MANAGER" ADD PRIMARY KEY  ("MANAGERID") 
ALTER TABLE "MEMBER" ADD PRIMARY KEY  ("MEMBERID") 
ALTER TABLE "MEMBER_CATEGORY" ADD PRIMARY KEY  ("MEMBERID","CATEGORYID") 
ALTER TABLE "PERSON" ADD PRIMARY KEY  ("PERSONID") 
ALTER TABLE "RIDE" ADD PRIMARY KEY  ("RIDEID") 
ALTER TABLE "TREASURER" ADD PRIMARY KEY  ("PERSONID") 
ALTER TABLE "VEHICLE" ADD PRIMARY KEY  ("VEHICLEID") 
ALTER TABLE "BIKE" ADD CONSTRAINT "BIKE_MEMBERBIKE" FOREIGN KEY  ("MEMBERID")  REFERENCES "MEMBER" ("MEMBERID")  ON DELETE CASCADE  ON UPDATE CASCADE 
ALTER TABLE "INSCRIPTION" ADD CONSTRAINT "INSCRIPTION_RIDEINSCRIPTION" FOREIGN KEY  ("RIDEID")  REFERENCES "RIDE" ("RIDEID")  ON DELETE CASCADE 
ALTER TABLE "INSCRIPTION" ADD CONSTRAINT "INSCRIPTION_MEMBERINSCRIPTION" FOREIGN KEY  ("MEMBERID")  REFERENCES "MEMBER" ("MEMBERID")  ON DELETE CASCADE  ON UPDATE CASCADE 
ALTER TABLE "MANAGER" ADD CONSTRAINT "MANAGER_PERSONMANAGER" FOREIGN KEY  ("PERSONID")  REFERENCES "PERSON" ("PERSONID")  ON DELETE CASCADE  ON UPDATE CASCADE 
ALTER TABLE "MANAGER" ADD CONSTRAINT "MANAGER_CATEGORYMANAGER" FOREIGN KEY  ("CATEGORYID")  REFERENCES "CATEGORY" ("CATEGORYID")  ON DELETE CASCADE  ON UPDATE CASCADE 
ALTER TABLE "MEMBER" ADD CONSTRAINT "MEMBER_PERSONMEMBER" FOREIGN KEY  ("PERSONID")  REFERENCES "PERSON" ("PERSONID")  ON DELETE CASCADE  ON UPDATE CASCADE 
ALTER TABLE "MEMBER_CATEGORY" ADD CONSTRAINT "MEMBER_CATEGORY_MEMBERMEMBER_CATEGORY" FOREIGN KEY  ("MEMBERID")  REFERENCES "MEMBER" ("MEMBERID")  ON DELETE CASCADE 
ALTER TABLE "MEMBER_CATEGORY" ADD CONSTRAINT "MEMBER_CATEGORY_CATEGORYMEMBER_CATEGORY" FOREIGN KEY  ("CATEGORYID")  REFERENCES "CATEGORY" ("CATEGORYID")  ON DELETE CASCADE 
ALTER TABLE "RIDE" ADD CONSTRAINT "RIDE_CATEGORYRIDE" FOREIGN KEY  ("CATEGORYID")  REFERENCES "CATEGORY" ("CATEGORYID")  ON DELETE CASCADE 
ALTER TABLE "TREASURER" ADD CONSTRAINT "TREASURER_PERSONTREASURER" FOREIGN KEY  ("PERSONID")  REFERENCES "PERSON" ("PERSONID")  ON DELETE CASCADE  ON UPDATE CASCADE 
ALTER TABLE "VEHICLE" ADD CONSTRAINT "VEHICLE_MEMBERVEHICLE" FOREIGN KEY  ("DRIVERID")  REFERENCES "MEMBER" ("MEMBERID")  ON DELETE CASCADE  ON UPDATE CASCADE 
INSERT INTO "CATEGORY" VALUES(1,'ROAD_BIKE')
INSERT INTO "CATEGORY" VALUES(2,'TRAIL')
INSERT INTO "CATEGORY" VALUES(3,'DOWNHILL')
INSERT INTO "CATEGORY" VALUES(4,'CROSS')
COMMIT
INSERT INTO "PERSON" VALUES(1,'Jean','Dupont','0471/123456','1234','jean.dupont@gmail.com')
INSERT INTO "PERSON" VALUES(2,'Marie','Martin','0472/987654','1234','marie.martin@hotmail.com')
INSERT INTO "PERSON" VALUES(3,'Pierre','Durand','0499/555666','1234','pierre.durand@skynet.be')
INSERT INTO "PERSON" VALUES(4,'Sophie','Leroy','0475/111222','1234','sophie.leroy@gmail.com')
INSERT INTO "PERSON" VALUES(5,'Thomas','Bernard','0488/333444','1234','thomas.bernard@outlook.com')
INSERT INTO "PERSON" VALUES(6,'Michel','Treasurer','0470/000001','1234','tresorerie@clubcycliste.be')
INSERT INTO "PERSON" VALUES(7,'Val\u00e9rie','Manager','0470/000002','1234','manager.road@clubcycliste.be')
INSERT INTO "PERSON" VALUES(8,'Hugo','Boulanger','0470/000003','1234','manager.trail@clubcycliste.be')
INSERT INTO "PERSON" VALUES(9,'Romane','Peleti','0475/145121','1234','manager.downhill@clubcycliste.be')
INSERT INTO "PERSON" VALUES(10,'Marco','Polo','492/0465149','1234','manager.cross@clubcycliste.be')
INSERT INTO "PERSON" VALUES(11,'Billy','Morch','0466/045454','1234','billy.morch@test.com')
COMMIT
INSERT INTO "MEMBER" VALUES(1,1,115,TRUE)
INSERT INTO "MEMBER" VALUES(2,2,20,TRUE)
INSERT INTO "MEMBER" VALUES(3,3,44,FALSE)
INSERT INTO "MEMBER" VALUES(4,4,12,FALSE)
INSERT INTO "MEMBER" VALUES(5,5,10,FALSE)
INSERT INTO "MEMBER" VALUES(6,11,30,TRUE)
COMMIT
INSERT INTO "BIKE" VALUES(1,1,85.0000000,'ROAD_BIKE',180.0000000)
INSERT INTO "BIKE" VALUES(2,2,80.0000000,'ROAD_BIKE',175.0000000)
INSERT INTO "BIKE" VALUES(3,3,90.0000000,'TRAIL',180.0000000)
INSERT INTO "BIKE" VALUES(4,4,70.0000000,'TRAIL',170.0000000)
INSERT INTO "BIKE" VALUES(5,6,60.0000000,'CROSS',165.0000000)
COMMIT
INSERT INTO "MEMBER_CATEGORY" VALUES(1,1)
INSERT INTO "MEMBER_CATEGORY" VALUES(4,1)
INSERT INTO "MEMBER_CATEGORY" VALUES(2,2)
INSERT INTO "MEMBER_CATEGORY" VALUES(3,2)
INSERT INTO "MEMBER_CATEGORY" VALUES(1,2)
INSERT INTO "MEMBER_CATEGORY" VALUES(1,4)
INSERT INTO "MEMBER_CATEGORY" VALUES(1,3)
INSERT INTO "MEMBER_CATEGORY" VALUES(5,2)
INSERT INTO "MEMBER_CATEGORY" VALUES(2,1)
INSERT INTO "MEMBER_CATEGORY" VALUES(2,4)
INSERT INTO "MEMBER_CATEGORY" VALUES(3,1)
INSERT INTO "MEMBER_CATEGORY" VALUES(6,1)
INSERT INTO "MEMBER_CATEGORY" VALUES(6,4)
COMMIT
INSERT INTO "MANAGER" VALUES(1,1,7)
INSERT INTO "MANAGER" VALUES(2,2,8)
INSERT INTO "MANAGER" VALUES(3,3,9)
INSERT INTO "MANAGER" VALUES(4,4,10)
COMMIT
INSERT INTO "RIDE" VALUES(1,'Bruxelles-Midi','2025-05-10 08:30:00.000000',15,1)
INSERT INTO "RIDE" VALUES(2,'Spa - Circuit de Francorchamps (d\u00e9part parking F1)','2025-06-22 09:00:00.000000',18,2)
INSERT INTO "RIDE" VALUES(3,'Charleroi AIrPort','2025-12-25 10:00:00.000000',5,1)
INSERT INTO "RIDE" VALUES(4,'Pi\u00e9ton Place saint jean','2025-12-02 09:00:00.000000',4,1)
INSERT INTO "RIDE" VALUES(5,'test blablabla','2025-12-07 15:00:00.000000',2,1)
INSERT INTO "RIDE" VALUES(6,'test du dimanche','2025-12-01 12:19:00.000000',28,1)
INSERT INTO "RIDE" VALUES(7,'test du dimanche apres midi','2025-12-08 17:31:00.000000',2,1)
INSERT INTO "RIDE" VALUES(8,'dernier test','2025-12-13 18:28:00.000000',3,1)
COMMIT
INSERT INTO "INSCRIPTION" VALUES(1,1,TRUE,TRUE,1,1,TRUE)
INSERT INTO "INSCRIPTION" VALUES(2,1,TRUE,FALSE,2,2,TRUE)
INSERT INTO "INSCRIPTION" VALUES(3,1,TRUE,FALSE,1,NULL,FALSE)
INSERT INTO "INSCRIPTION" VALUES(4,1,FALSE,TRUE,2,2,FALSE)
INSERT INTO "INSCRIPTION" VALUES(5,1,TRUE,FALSE,2,NULL,FALSE)
INSERT INTO "INSCRIPTION" VALUES(6,1,TRUE,FALSE,2,NULL,FALSE)
INSERT INTO "INSCRIPTION" VALUES(7,1,TRUE,FALSE,2,NULL,FALSE)
INSERT INTO "INSCRIPTION" VALUES(8,1,TRUE,FALSE,2,NULL,TRUE)
INSERT INTO "INSCRIPTION" VALUES(9,1,TRUE,FALSE,1,NULL,TRUE)
INSERT INTO "INSCRIPTION" VALUES(10,3,FALSE,TRUE,1,1,FALSE)
INSERT INTO "INSCRIPTION" VALUES(11,3,TRUE,FALSE,1,NULL,TRUE)
INSERT INTO "INSCRIPTION" VALUES(12,4,FALSE,TRUE,1,1,FALSE)
INSERT INTO "INSCRIPTION" VALUES(13,4,TRUE,FALSE,1,NULL,TRUE)
INSERT INTO "INSCRIPTION" VALUES(14,6,FALSE,TRUE,1,1,FALSE)
INSERT INTO "INSCRIPTION" VALUES(15,6,TRUE,FALSE,1,NULL,TRUE)
INSERT INTO "INSCRIPTION" VALUES(16,6,TRUE,FALSE,1,NULL,TRUE)
INSERT INTO "INSCRIPTION" VALUES(17,2,TRUE,FALSE,2,NULL,TRUE)
INSERT INTO "INSCRIPTION" VALUES(18,5,FALSE,TRUE,1,1,FALSE)
INSERT INTO "INSCRIPTION" VALUES(19,5,TRUE,FALSE,1,NULL,TRUE)
INSERT INTO "INSCRIPTION" VALUES(20,7,FALSE,TRUE,1,1,FALSE)
INSERT INTO "INSCRIPTION" VALUES(21,7,TRUE,FALSE,2,NULL,TRUE)
INSERT INTO "INSCRIPTION" VALUES(22,8,FALSE,TRUE,1,1,FALSE)
INSERT INTO "INSCRIPTION" VALUES(23,8,TRUE,FALSE,3,NULL,TRUE)
INSERT INTO "INSCRIPTION" VALUES(25,8,TRUE,FALSE,6,NULL,TRUE)
COMMIT
INSERT INTO "TREASURER" VALUES(6)
COMMIT
INSERT INTO "VEHICLE" VALUES(1,1,5,4)
INSERT INTO "VEHICLE" VALUES(2,2,7,3)
INSERT INTO "VEHICLE" VALUES(3,2,5,2)
COMMIT
CREATE TRIGGER "GENERICINSERT_CATEGORY"  AFTER INSERT ON "CATEGORY"   FOR EACH ROW\u0009   CALL "net.ucanaccess.triggers.TriggerInsert" 
CREATE TRIGGER "GENERICUPDATE_CATEGORY"  AFTER UPDATE ON "CATEGORY"   FOR EACH ROW\u0009   CALL "net.ucanaccess.triggers.TriggerUpdate" 
CREATE TRIGGER "GENERICDELETE_CATEGORY"  AFTER DELETE ON "CATEGORY"   FOR EACH ROW\u0009   CALL "net.ucanaccess.triggers.TriggerDelete" 
CREATE TRIGGER "AUTONUMBER_CATEGORY"  BEFORE INSERT ON "CATEGORY"   FOR EACH ROW\u0009   CALL "net.ucanaccess.triggers.TriggerAutoNumber" 
CREATE TRIGGER "AUTONUMBER_VALIDATE_CATEGORY"  BEFORE UPDATE ON "CATEGORY"   FOR EACH ROW\u0009   CALL "net.ucanaccess.triggers.TriggerAutoNumber" 
CREATE TRIGGER "GENERICINSERT_PERSON"  AFTER INSERT ON "PERSON"   FOR EACH ROW\u0009   CALL "net.ucanaccess.triggers.TriggerInsert" 
CREATE TRIGGER "GENERICUPDATE_PERSON"  AFTER UPDATE ON "PERSON"   FOR EACH ROW\u0009   CALL "net.ucanaccess.triggers.TriggerUpdate" 
CREATE TRIGGER "GENERICDELETE_PERSON"  AFTER DELETE ON "PERSON"   FOR EACH ROW\u0009   CALL "net.ucanaccess.triggers.TriggerDelete" 
CREATE TRIGGER "AUTONUMBER_PERSON"  BEFORE INSERT ON "PERSON"   FOR EACH ROW\u0009   CALL "net.ucanaccess.triggers.TriggerAutoNumber" 
CREATE TRIGGER "AUTONUMBER_VALIDATE_PERSON"  BEFORE UPDATE ON "PERSON"   FOR EACH ROW\u0009   CALL "net.ucanaccess.triggers.TriggerAutoNumber" 
CREATE TRIGGER "GENERICINSERT_MEMBER"  AFTER INSERT ON "MEMBER"   FOR EACH ROW\u0009   CALL "net.ucanaccess.triggers.TriggerInsert" 
CREATE TRIGGER "GENERICUPDATE_MEMBER"  AFTER UPDATE ON "MEMBER"   FOR EACH ROW\u0009   CALL "net.ucanaccess.triggers.TriggerUpdate" 
CREATE TRIGGER "GENERICDELETE_MEMBER"  AFTER DELETE ON "MEMBER"   FOR EACH ROW\u0009   CALL "net.ucanaccess.triggers.TriggerDelete" 
CREATE TRIGGER "AUTONUMBER_MEMBER"  BEFORE INSERT ON "MEMBER"   FOR EACH ROW\u0009   CALL "net.ucanaccess.triggers.TriggerAutoNumber" 
CREATE TRIGGER "AUTONUMBER_VALIDATE_MEMBER"  BEFORE UPDATE ON "MEMBER"   FOR EACH ROW\u0009   CALL "net.ucanaccess.triggers.TriggerAutoNumber" 
CREATE TRIGGER "GENERICINSERT_BIKE"  AFTER INSERT ON "BIKE"   FOR EACH ROW\u0009   CALL "net.ucanaccess.triggers.TriggerInsert" 
CREATE TRIGGER "GENERICUPDATE_BIKE"  AFTER UPDATE ON "BIKE"   FOR EACH ROW\u0009   CALL "net.ucanaccess.triggers.TriggerUpdate" 
CREATE TRIGGER "GENERICDELETE_BIKE"  AFTER DELETE ON "BIKE"   FOR EACH ROW\u0009   CALL "net.ucanaccess.triggers.TriggerDelete" 
CREATE TRIGGER "AUTONUMBER_BIKE"  BEFORE INSERT ON "BIKE"   FOR EACH ROW\u0009   CALL "net.ucanaccess.triggers.TriggerAutoNumber" 
CREATE TRIGGER "AUTONUMBER_VALIDATE_BIKE"  BEFORE UPDATE ON "BIKE"   FOR EACH ROW\u0009   CALL "net.ucanaccess.triggers.TriggerAutoNumber" 
CREATE TRIGGER "GENERICINSERT_MEMBER_CATEGORY"  AFTER INSERT ON "MEMBER_CATEGORY"   FOR EACH ROW\u0009   CALL "net.ucanaccess.triggers.TriggerInsert" 
CREATE TRIGGER "GENERICUPDATE_MEMBER_CATEGORY"  AFTER UPDATE ON "MEMBER_CATEGORY"   FOR EACH ROW\u0009   CALL "net.ucanaccess.triggers.TriggerUpdate" 
CREATE TRIGGER "GENERICDELETE_MEMBER_CATEGORY"  AFTER DELETE ON "MEMBER_CATEGORY"   FOR EACH ROW\u0009   CALL "net.ucanaccess.triggers.TriggerDelete" 
CREATE TRIGGER "GENERICINSERT_MANAGER"  AFTER INSERT ON "MANAGER"   FOR EACH ROW\u0009   CALL "net.ucanaccess.triggers.TriggerInsert" 
CREATE TRIGGER "GENERICUPDATE_MANAGER"  AFTER UPDATE ON "MANAGER"   FOR EACH ROW\u0009   CALL "net.ucanaccess.triggers.TriggerUpdate" 
CREATE TRIGGER "GENERICDELETE_MANAGER"  AFTER DELETE ON "MANAGER"   FOR EACH ROW\u0009   CALL "net.ucanaccess.triggers.TriggerDelete" 
CREATE TRIGGER "GENERICINSERT_RIDE"  AFTER INSERT ON "RIDE"   FOR EACH ROW\u0009   CALL "net.ucanaccess.triggers.TriggerInsert" 
CREATE TRIGGER "GENERICUPDATE_RIDE"  AFTER UPDATE ON "RIDE"   FOR EACH ROW\u0009   CALL "net.ucanaccess.triggers.TriggerUpdate" 
CREATE TRIGGER "GENERICDELETE_RIDE"  AFTER DELETE ON "RIDE"   FOR EACH ROW\u0009   CALL "net.ucanaccess.triggers.TriggerDelete" 
CREATE TRIGGER "AUTONUMBER_RIDE"  BEFORE INSERT ON "RIDE"   FOR EACH ROW\u0009   CALL "net.ucanaccess.triggers.TriggerAutoNumber" 
CREATE TRIGGER "AUTONUMBER_VALIDATE_RIDE"  BEFORE UPDATE ON "RIDE"   FOR EACH ROW\u0009   CALL "net.ucanaccess.triggers.TriggerAutoNumber" 
CREATE TRIGGER "GENERICINSERT_INSCRIPTION"  AFTER INSERT ON "INSCRIPTION"   FOR EACH ROW\u0009   CALL "net.ucanaccess.triggers.TriggerInsert" 
CREATE TRIGGER "GENERICUPDATE_INSCRIPTION"  AFTER UPDATE ON "INSCRIPTION"   FOR EACH ROW\u0009   CALL "net.ucanaccess.triggers.TriggerUpdate" 
CREATE TRIGGER "GENERICDELETE_INSCRIPTION"  AFTER DELETE ON "INSCRIPTION"   FOR EACH ROW\u0009   CALL "net.ucanaccess.triggers.TriggerDelete" 
CREATE TRIGGER "AUTONUMBER_INSCRIPTION"  BEFORE INSERT ON "INSCRIPTION"   FOR EACH ROW\u0009   CALL "net.ucanaccess.triggers.TriggerAutoNumber" 
CREATE TRIGGER "AUTONUMBER_VALIDATE_INSCRIPTION"  BEFORE UPDATE ON "INSCRIPTION"   FOR EACH ROW\u0009   CALL "net.ucanaccess.triggers.TriggerAutoNumber" 
CREATE TRIGGER "GENERICINSERT_TREASURER"  AFTER INSERT ON "TREASURER"   FOR EACH ROW\u0009   CALL "net.ucanaccess.triggers.TriggerInsert" 
CREATE TRIGGER "GENERICUPDATE_TREASURER"  AFTER UPDATE ON "TREASURER"   FOR EACH ROW\u0009   CALL "net.ucanaccess.triggers.TriggerUpdate" 
CREATE TRIGGER "GENERICDELETE_TREASURER"  AFTER DELETE ON "TREASURER"   FOR EACH ROW\u0009   CALL "net.ucanaccess.triggers.TriggerDelete" 
CREATE TRIGGER "GENERICINSERT_VEHICLE"  AFTER INSERT ON "VEHICLE"   FOR EACH ROW\u0009   CALL "net.ucanaccess.triggers.TriggerInsert" 
CREATE TRIGGER "GENERICUPDATE_VEHICLE"  AFTER UPDATE ON "VEHICLE"   FOR EACH ROW\u0009   CALL "net.ucanaccess.triggers.TriggerUpdate" 
CREATE TRIGGER "GENERICDELETE_VEHICLE"  AFTER DELETE ON "VEHICLE"   FOR EACH ROW\u0009   CALL "net.ucanaccess.triggers.TriggerDelete" 
CREATE TRIGGER "AUTONUMBER_VEHICLE"  BEFORE INSERT ON "VEHICLE"   FOR EACH ROW\u0009   CALL "net.ucanaccess.triggers.TriggerAutoNumber" 
CREATE TRIGGER "AUTONUMBER_VALIDATE_VEHICLE"  BEFORE UPDATE ON "VEHICLE"   FOR EACH ROW\u0009   CALL "net.ucanaccess.triggers.TriggerAutoNumber" 
DISCONNECT
/*C4*/SET SCHEMA PUBLIC
DISCONNECT
/*C5*/SET SCHEMA PUBLIC
DISCONNECT
/*C7*/SET SCHEMA PUBLIC
DISCONNECT
/*C54*/SET SCHEMA PUBLIC
DISCONNECT
/*C102*/SET SCHEMA PUBLIC
DISCONNECT
/*C119*/SET SCHEMA PUBLIC
DISCONNECT
/*C131*/SET SCHEMA PUBLIC
DISCONNECT
/*C143*/SET SCHEMA PUBLIC
DISCONNECT
/*C155*/SET SCHEMA PUBLIC
DISCONNECT
/*C172*/SET SCHEMA PUBLIC
DISCONNECT
/*C204*/SET SCHEMA PUBLIC
DISCONNECT
/*C11*/SET SCHEMA PUBLIC
DISCONNECT
/*C275*/SET SCHEMA PUBLIC
DISCONNECT
/*C322*/SET SCHEMA PUBLIC
DISCONNECT
/*C339*/SET SCHEMA PUBLIC
DISCONNECT
/*C351*/SET SCHEMA PUBLIC
DISCONNECT
/*C363*/SET SCHEMA PUBLIC
DISCONNECT
/*C375*/SET SCHEMA PUBLIC
DISCONNECT
/*C392*/SET SCHEMA PUBLIC
DISCONNECT
/*C424*/SET SCHEMA PUBLIC
DISCONNECT
/*C232*/SET SCHEMA PUBLIC
DISCONNECT
